{
"contracts/interfaces/IERC677Receiver.sol":{"l":{},"path":"/home/morena/GitHub/CodeArena Projects/2025-02-thorwallet/contracts/interfaces/IERC677Receiver.sol","s":{},"b":{},"f":{},"fnMap":{},"statementMap":{},"branchMap":{}},
"contracts/interfaces/IMerge.sol":{"l":{},"path":"/home/morena/GitHub/CodeArena Projects/2025-02-thorwallet/contracts/interfaces/IMerge.sol","s":{},"b":{},"f":{},"fnMap":{},"statementMap":{},"branchMap":{}},
"contracts/MergeTgt.sol":{"l":{"40":18,"41":18,"45":6,"46":0,"50":6,"51":0,"54":6,"55":6,"60":0,"61":0,"66":7,"67":0,"69":7,"70":0,"72":7,"73":0,"75":7,"76":0,"81":7,"82":7,"83":7,"85":7,"89":0,"93":0,"97":5,"99":5,"100":0,"103":5,"104":5,"106":5,"107":5,"109":5,"111":5,"115":2,"117":2,"118":0,"121":2,"123":2,"125":1,"128":1,"131":2,"132":2,"135":2,"136":2,"138":2,"141":2,"142":2,"144":2,"145":2,"148":2,"150":2,"154":12,"156":12,"157":12,"158":9,"160":2,"161":2,"163":1,"168":6,"169":6,"173":6,"174":6,"175":6,"179":0,"183":0},"path":"/home/morena/GitHub/CodeArena Projects/2025-02-thorwallet/contracts/MergeTgt.sol","s":{"1":6,"2":6,"3":6,"4":6,"5":0,"6":0,"7":7,"8":7,"9":7,"10":7,"11":7,"12":7,"13":0,"14":0,"15":5,"16":5,"17":5,"18":5,"19":2,"20":2,"21":2,"22":2,"23":2,"24":2,"25":2,"26":2,"27":2,"28":2,"29":2,"30":12,"31":12,"32":12,"33":3,"34":2,"35":6,"36":6,"37":6,"38":0,"39":0},"b":{"1":[6,0],"2":[0,6],"3":[0,6],"4":[0,0],"5":[7,0],"6":[0,7],"7":[0,7],"8":[0,0],"9":[0,7],"10":[0,7],"11":[5,0],"12":[5,0],"13":[0,5],"14":[2,0],"15":[2,0],"16":[0,2],"17":[1,1],"18":[2,0],"19":[12,0],"20":[9,3],"21":[2,1],"22":[6,0],"23":[6,0],"24":[6,0]},"f":{"1":18,"2":6,"3":0,"4":7,"5":0,"6":0,"7":5,"8":2,"9":12,"10":6,"11":6,"12":0,"13":0},"fnMap":{"1":{"name":"constructor","line":39,"loc":{"start":{"line":39,"column":4},"end":{"line":42,"column":4}}},"2":{"name":"deposit","line":44,"loc":{"start":{"line":44,"column":4},"end":{"line":56,"column":4}}},"3":{"name":"withdraw","line":59,"loc":{"start":{"line":59,"column":4},"end":{"line":62,"column":4}}},"4":{"name":"onTokenTransfer","line":65,"loc":{"start":{"line":65,"column":4},"end":{"line":86,"column":4}}},"5":{"name":"tgtBalance","line":88,"loc":{"start":{"line":88,"column":4},"end":{"line":90,"column":4}}},"6":{"name":"titnBalance","line":92,"loc":{"start":{"line":92,"column":4},"end":{"line":94,"column":4}}},"7":{"name":"claimTitn","line":96,"loc":{"start":{"line":96,"column":4},"end":{"line":112,"column":4}}},"8":{"name":"withdrawRemainingTitn","line":114,"loc":{"start":{"line":114,"column":4},"end":{"line":151,"column":4}}},"9":{"name":"quoteTitn","line":153,"loc":{"start":{"line":153,"column":4},"end":{"line":165,"column":4}}},"10":{"name":"setLockedStatus","line":167,"loc":{"start":{"line":167,"column":4},"end":{"line":170,"column":4}}},"11":{"name":"setLaunchTime","line":172,"loc":{"start":{"line":172,"column":4},"end":{"line":176,"column":4}}},"12":{"name":"gettotalClaimedTitnPerUser","line":178,"loc":{"start":{"line":178,"column":4},"end":{"line":180,"column":4}}},"13":{"name":"getClaimableTitnPerUser","line":182,"loc":{"start":{"line":182,"column":4},"end":{"line":184,"column":4}}}},"statementMap":{"1":{"start":{"line":45,"column":8},"end":{"line":45,"column":1909}},"2":{"start":{"line":50,"column":8},"end":{"line":50,"column":2060}},"3":{"start":{"line":54,"column":8},"end":{"line":54,"column":64}},"4":{"start":{"line":55,"column":8},"end":{"line":55,"column":44}},"5":{"start":{"line":60,"column":8},"end":{"line":60,"column":42}},"6":{"start":{"line":61,"column":8},"end":{"line":61,"column":54}},"7":{"start":{"line":66,"column":8},"end":{"line":66,"column":2677}},"8":{"start":{"line":69,"column":8},"end":{"line":69,"column":2772}},"9":{"start":{"line":72,"column":8},"end":{"line":72,"column":2886}},"10":{"start":{"line":75,"column":8},"end":{"line":75,"column":2956}},"11":{"start":{"line":81,"column":8},"end":{"line":81,"column":43}},"12":{"start":{"line":85,"column":8},"end":{"line":85,"column":48}},"13":{"start":{"line":89,"column":8},"end":{"line":89,"column":43}},"14":{"start":{"line":93,"column":8},"end":{"line":93,"column":44}},"15":{"start":{"line":97,"column":8},"end":{"line":97,"column":87}},"16":{"start":{"line":99,"column":8},"end":{"line":99,"column":3653}},"17":{"start":{"line":109,"column":8},"end":{"line":109,"column":44}},"18":{"start":{"line":111,"column":8},"end":{"line":111,"column":42}},"19":{"start":{"line":115,"column":8},"end":{"line":115,"column":53}},"20":{"start":{"line":117,"column":8},"end":{"line":117,"column":4165}},"21":{"start":{"line":121,"column":8},"end":{"line":121,"column":68}},"22":{"start":{"line":123,"column":8},"end":{"line":123,"column":4353}},"23":{"start":{"line":131,"column":8},"end":{"line":131,"column":64}},"24":{"start":{"line":132,"column":8},"end":{"line":132,"column":54}},"25":{"start":{"line":135,"column":8},"end":{"line":135,"column":79}},"26":{"start":{"line":136,"column":8},"end":{"line":136,"column":95}},"27":{"start":{"line":138,"column":8},"end":{"line":138,"column":63}},"28":{"start":{"line":148,"column":8},"end":{"line":148,"column":45}},"29":{"start":{"line":150,"column":8},"end":{"line":150,"column":55}},"30":{"start":{"line":154,"column":8},"end":{"line":154,"column":53}},"31":{"start":{"line":156,"column":8},"end":{"line":156,"column":64}},"32":{"start":{"line":157,"column":8},"end":{"line":157,"column":5722}},"33":{"start":{"line":159,"column":15},"end":{"line":159,"column":5837}},"34":{"start":{"line":160,"column":12},"end":{"line":160,"column":62}},"35":{"start":{"line":169,"column":8},"end":{"line":169,"column":43}},"36":{"start":{"line":173,"column":8},"end":{"line":173,"column":58}},"37":{"start":{"line":175,"column":8},"end":{"line":175,"column":43}},"38":{"start":{"line":179,"column":8},"end":{"line":179,"column":39}},"39":{"start":{"line":183,"column":8},"end":{"line":183,"column":41}}},"branchMap":{"1":{"line":44,"type":"if","locations":[{"start":{"line":44,"column":60},"end":{"line":44,"column":60}},{"start":{"line":44,"column":60},"end":{"line":44,"column":60}}]},"2":{"line":45,"type":"if","locations":[{"start":{"line":45,"column":8},"end":{"line":45,"column":8}},{"start":{"line":45,"column":8},"end":{"line":45,"column":8}}]},"3":{"line":50,"type":"if","locations":[{"start":{"line":50,"column":8},"end":{"line":50,"column":8}},{"start":{"line":50,"column":8},"end":{"line":50,"column":8}}]},"4":{"line":59,"type":"if","locations":[{"start":{"line":59,"column":61},"end":{"line":59,"column":61}},{"start":{"line":59,"column":61},"end":{"line":59,"column":61}}]},"5":{"line":65,"type":"if","locations":[{"start":{"line":65,"column":94},"end":{"line":65,"column":94}},{"start":{"line":65,"column":94},"end":{"line":65,"column":94}}]},"6":{"line":66,"type":"if","locations":[{"start":{"line":66,"column":8},"end":{"line":66,"column":8}},{"start":{"line":66,"column":8},"end":{"line":66,"column":8}}]},"7":{"line":69,"type":"if","locations":[{"start":{"line":69,"column":8},"end":{"line":69,"column":8}},{"start":{"line":69,"column":8},"end":{"line":69,"column":8}}]},"8":{"line":69,"type":"cond-expr","locations":[{"start":{"line":69,"column":12},"end":{"line":69,"column":46}},{"start":{"line":69,"column":51},"end":{"line":69,"column":65}}]},"9":{"line":72,"type":"if","locations":[{"start":{"line":72,"column":8},"end":{"line":72,"column":8}},{"start":{"line":72,"column":8},"end":{"line":72,"column":8}}]},"10":{"line":75,"type":"if","locations":[{"start":{"line":75,"column":8},"end":{"line":75,"column":8}},{"start":{"line":75,"column":8},"end":{"line":75,"column":8}}]},"11":{"line":96,"type":"if","locations":[{"start":{"line":96,"column":48},"end":{"line":96,"column":48}},{"start":{"line":96,"column":48},"end":{"line":96,"column":48}}]},"12":{"line":97,"type":"if","locations":[{"start":{"line":97,"column":8},"end":{"line":97,"column":8}},{"start":{"line":97,"column":8},"end":{"line":97,"column":8}}]},"13":{"line":99,"type":"if","locations":[{"start":{"line":99,"column":8},"end":{"line":99,"column":8}},{"start":{"line":99,"column":8},"end":{"line":99,"column":8}}]},"14":{"line":114,"type":"if","locations":[{"start":{"line":114,"column":46},"end":{"line":114,"column":46}},{"start":{"line":114,"column":46},"end":{"line":114,"column":46}}]},"15":{"line":115,"type":"if","locations":[{"start":{"line":115,"column":8},"end":{"line":115,"column":8}},{"start":{"line":115,"column":8},"end":{"line":115,"column":8}}]},"16":{"line":117,"type":"if","locations":[{"start":{"line":117,"column":8},"end":{"line":117,"column":8}},{"start":{"line":117,"column":8},"end":{"line":117,"column":8}}]},"17":{"line":123,"type":"if","locations":[{"start":{"line":123,"column":8},"end":{"line":123,"column":8}},{"start":{"line":123,"column":8},"end":{"line":123,"column":8}}]},"18":{"line":132,"type":"if","locations":[{"start":{"line":132,"column":8},"end":{"line":132,"column":8}},{"start":{"line":132,"column":8},"end":{"line":132,"column":8}}]},"19":{"line":154,"type":"if","locations":[{"start":{"line":154,"column":8},"end":{"line":154,"column":8}},{"start":{"line":154,"column":8},"end":{"line":154,"column":8}}]},"20":{"line":157,"type":"if","locations":[{"start":{"line":157,"column":8},"end":{"line":157,"column":8}},{"start":{"line":157,"column":8},"end":{"line":157,"column":8}}]},"21":{"line":159,"type":"if","locations":[{"start":{"line":159,"column":15},"end":{"line":159,"column":15}},{"start":{"line":159,"column":15},"end":{"line":159,"column":15}}]},"22":{"line":167,"type":"if","locations":[{"start":{"line":167,"column":62},"end":{"line":167,"column":62}},{"start":{"line":167,"column":62},"end":{"line":167,"column":62}}]},"23":{"line":172,"type":"if","locations":[{"start":{"line":172,"column":38},"end":{"line":172,"column":38}},{"start":{"line":172,"column":38},"end":{"line":172,"column":38}}]},"24":{"line":173,"type":"if","locations":[{"start":{"line":173,"column":8},"end":{"line":173,"column":8}},{"start":{"line":173,"column":8},"end":{"line":173,"column":8}}]}}},
"contracts/mocks/Tgt.sol":{"l":{"18":18,"28":7,"30":7,"31":7,"34":7,"43":7,"44":7,"47":7},"path":"/home/morena/GitHub/CodeArena Projects/2025-02-thorwallet/contracts/mocks/Tgt.sol","s":{"1":18,"2":7,"3":7,"4":7,"5":7,"6":7,"7":7},"b":{"1":[7,0]},"f":{"1":18,"2":7,"3":7},"fnMap":{"1":{"name":"constructor","line":17,"loc":{"start":{"line":12,"column":4},"end":{"line":19,"column":4}}},"2":{"name":"transferAndCall","line":27,"loc":{"start":{"line":27,"column":4},"end":{"line":35,"column":4}}},"3":{"name":"isContract","line":42,"loc":{"start":{"line":42,"column":4},"end":{"line":48,"column":4}}}},"statementMap":{"1":{"start":{"line":18,"column":8},"end":{"line":18,"column":42}},"2":{"start":{"line":28,"column":8},"end":{"line":28,"column":42}},"3":{"start":{"line":30,"column":8},"end":{"line":30,"column":1006}},"4":{"start":{"line":31,"column":12},"end":{"line":31,"column":73}},"5":{"start":{"line":34,"column":8},"end":{"line":34,"column":19}},"6":{"start":{"line":43,"column":8},"end":{"line":43,"column":20}},"7":{"start":{"line":47,"column":8},"end":{"line":47,"column":23}}},"branchMap":{"1":{"line":30,"type":"if","locations":[{"start":{"line":30,"column":8},"end":{"line":30,"column":8}},{"start":{"line":30,"column":8},"end":{"line":30,"column":8}}]}}},
"contracts/Titn.sol":{"l":{"23":48,"24":48,"25":48,"34":6,"35":6,"39":0,"44":1,"45":1,"49":0,"57":11,"58":8,"62":6,"63":6,"73":17,"76":17,"85":3,"101":10,"103":10,"106":10,"107":10,"111":10},"path":"/home/morena/GitHub/CodeArena Projects/2025-02-thorwallet/contracts/Titn.sol","s":{"1":48,"2":6,"3":0,"4":1,"5":0,"6":11,"7":8,"8":6,"9":6,"10":17,"11":17,"12":10,"13":10,"14":10,"15":10},"b":{"1":[6,0],"2":[1,0],"3":[3,14],"4":[1,2],"5":[0,10],"6":[10,0]},"f":{"1":48,"2":6,"3":0,"4":1,"5":0,"6":11,"7":6,"8":17,"9":10},"fnMap":{"1":{"name":"constructor","line":22,"loc":{"start":{"line":16,"column":4},"end":{"line":26,"column":4}}},"2":{"name":"setTransferAllowedContract","line":33,"loc":{"start":{"line":33,"column":4},"end":{"line":36,"column":4}}},"3":{"name":"getTransferAllowedContract","line":38,"loc":{"start":{"line":38,"column":4},"end":{"line":40,"column":4}}},"4":{"name":"setBridgedTokenTransferLocked","line":43,"loc":{"start":{"line":43,"column":4},"end":{"line":46,"column":4}}},"5":{"name":"getBridgedTokenTransferLocked","line":48,"loc":{"start":{"line":48,"column":4},"end":{"line":50,"column":4}}},"6":{"name":"transfer","line":56,"loc":{"start":{"line":56,"column":4},"end":{"line":59,"column":4}}},"7":{"name":"transferFrom","line":61,"loc":{"start":{"line":61,"column":4},"end":{"line":64,"column":4}}},"8":{"name":"_validateTransfer","line":71,"loc":{"start":{"line":71,"column":4},"end":{"line":87,"column":4}}},"9":{"name":"_credit","line":96,"loc":{"start":{"line":96,"column":4},"end":{"line":112,"column":4}}}},"statementMap":{"1":{"start":{"line":23,"column":8},"end":{"line":23,"column":43}},"2":{"start":{"line":35,"column":8},"end":{"line":35,"column":69}},"3":{"start":{"line":39,"column":8},"end":{"line":39,"column":38}},"4":{"start":{"line":45,"column":8},"end":{"line":45,"column":55}},"5":{"start":{"line":49,"column":8},"end":{"line":49,"column":44}},"6":{"start":{"line":57,"column":8},"end":{"line":57,"column":40}},"7":{"start":{"line":58,"column":8},"end":{"line":58,"column":41}},"8":{"start":{"line":62,"column":8},"end":{"line":62,"column":34}},"9":{"start":{"line":63,"column":8},"end":{"line":63,"column":51}},"10":{"start":{"line":73,"column":8},"end":{"line":73,"column":39}},"11":{"start":{"line":76,"column":8},"end":{"line":76,"column":2624}},"12":{"start":{"line":101,"column":8},"end":{"line":101,"column":54}},"13":{"start":{"line":103,"column":8},"end":{"line":103,"column":28}},"14":{"start":{"line":106,"column":8},"end":{"line":106,"column":4032}},"15":{"start":{"line":111,"column":8},"end":{"line":111,"column":24}}},"branchMap":{"1":{"line":33,"type":"if","locations":[{"start":{"line":33,"column":83},"end":{"line":33,"column":83}},{"start":{"line":33,"column":83},"end":{"line":33,"column":83}}]},"2":{"line":43,"type":"if","locations":[{"start":{"line":43,"column":68},"end":{"line":43,"column":68}},{"start":{"line":43,"column":68},"end":{"line":43,"column":68}}]},"3":{"line":76,"type":"if","locations":[{"start":{"line":76,"column":8},"end":{"line":76,"column":8}},{"start":{"line":76,"column":8},"end":{"line":76,"column":8}}]},"4":{"line":82,"type":"cond-expr","locations":[{"start":{"line":82,"column":13},"end":{"line":82,"column":38}},{"start":{"line":82,"column":43},"end":{"line":82,"column":74}}]},"5":{"line":101,"type":"if","locations":[{"start":{"line":101,"column":8},"end":{"line":101,"column":8}},{"start":{"line":101,"column":8},"end":{"line":101,"column":8}}]},"6":{"line":106,"type":"if","locations":[{"start":{"line":106,"column":8},"end":{"line":106,"column":8}},{"start":{"line":106,"column":8},"end":{"line":106,"column":8}}]}}}}
