TN:
SF:/home/morena/GitHub/CodeArena Projects/2025-02-thorwallet/contracts/interfaces/IERC677Receiver.sol
FNF:0
FNH:0
LF:0
LH:0
BRF:0
BRH:0
end_of_record
TN:
SF:/home/morena/GitHub/CodeArena Projects/2025-02-thorwallet/contracts/interfaces/IMerge.sol
FNF:0
FNH:0
LF:0
LH:0
BRF:0
BRH:0
end_of_record
TN:
SF:/home/morena/GitHub/CodeArena Projects/2025-02-thorwallet/contracts/MergeTgt.sol
FN:39,constructor
FN:44,deposit
FN:59,withdraw
FN:65,onTokenTransfer
FN:88,tgtBalance
FN:92,titnBalance
FN:96,claimTitn
FN:114,withdrawRemainingTitn
FN:153,quoteTitn
FN:167,setLockedStatus
FN:172,setLaunchTime
FN:178,gettotalClaimedTitnPerUser
FN:182,getClaimableTitnPerUser
FNF:13
FNH:8
FNDA:18,constructor
FNDA:6,deposit
FNDA:0,withdraw
FNDA:7,onTokenTransfer
FNDA:0,tgtBalance
FNDA:0,titnBalance
FNDA:5,claimTitn
FNDA:2,withdrawRemainingTitn
FNDA:12,quoteTitn
FNDA:6,setLockedStatus
FNDA:6,setLaunchTime
FNDA:0,gettotalClaimedTitnPerUser
FNDA:0,getClaimableTitnPerUser
DA:40,18
DA:41,18
DA:45,6
DA:46,0
DA:50,6
DA:51,0
DA:54,6
DA:55,6
DA:60,0
DA:61,0
DA:66,7
DA:67,0
DA:69,7
DA:70,0
DA:72,7
DA:73,0
DA:75,7
DA:76,0
DA:81,7
DA:82,7
DA:83,7
DA:85,7
DA:89,0
DA:93,0
DA:97,5
DA:99,5
DA:100,0
DA:103,5
DA:104,5
DA:106,5
DA:107,5
DA:109,5
DA:111,5
DA:115,2
DA:117,2
DA:118,0
DA:121,2
DA:123,2
DA:125,1
DA:128,1
DA:131,2
DA:132,2
DA:135,2
DA:136,2
DA:138,2
DA:141,2
DA:142,2
DA:144,2
DA:145,2
DA:148,2
DA:150,2
DA:154,12
DA:156,12
DA:157,12
DA:158,9
DA:160,2
DA:161,2
DA:163,1
DA:168,6
DA:169,6
DA:173,6
DA:174,6
DA:175,6
DA:179,0
DA:183,0
LF:65
LH:51
BRDA:44,1,0,6
BRDA:44,1,1,0
BRDA:45,2,0,0
BRDA:45,2,1,6
BRDA:50,3,0,0
BRDA:50,3,1,6
BRDA:59,4,0,0
BRDA:59,4,1,0
BRDA:65,5,0,7
BRDA:65,5,1,0
BRDA:66,6,0,0
BRDA:66,6,1,7
BRDA:69,7,0,0
BRDA:69,7,1,7
BRDA:69,8,0,0
BRDA:69,8,1,0
BRDA:72,9,0,0
BRDA:72,9,1,7
BRDA:75,10,0,0
BRDA:75,10,1,7
BRDA:96,11,0,5
BRDA:96,11,1,0
BRDA:97,12,0,5
BRDA:97,12,1,0
BRDA:99,13,0,0
BRDA:99,13,1,5
BRDA:114,14,0,2
BRDA:114,14,1,0
BRDA:115,15,0,2
BRDA:115,15,1,0
BRDA:117,16,0,0
BRDA:117,16,1,2
BRDA:123,17,0,1
BRDA:123,17,1,1
BRDA:132,18,0,2
BRDA:132,18,1,0
BRDA:154,19,0,12
BRDA:154,19,1,0
BRDA:157,20,0,9
BRDA:157,20,1,3
BRDA:159,21,0,2
BRDA:159,21,1,1
BRDA:167,22,0,6
BRDA:167,22,1,0
BRDA:172,23,0,6
BRDA:172,23,1,0
BRDA:173,24,0,6
BRDA:173,24,1,0
BRF:48
BRH:25
end_of_record
TN:
SF:/home/morena/GitHub/CodeArena Projects/2025-02-thorwallet/contracts/mocks/Tgt.sol
FN:17,constructor
FN:27,transferAndCall
FN:42,isContract
FNF:3
FNH:3
FNDA:18,constructor
FNDA:7,transferAndCall
FNDA:7,isContract
DA:18,18
DA:28,7
DA:30,7
DA:31,7
DA:34,7
DA:43,7
DA:44,7
DA:47,7
LF:8
LH:8
BRDA:30,1,0,7
BRDA:30,1,1,0
BRF:2
BRH:1
end_of_record
TN:
SF:/home/morena/GitHub/CodeArena Projects/2025-02-thorwallet/contracts/Titn.sol
FN:22,constructor
FN:33,setTransferAllowedContract
FN:38,getTransferAllowedContract
FN:43,setBridgedTokenTransferLocked
FN:48,getBridgedTokenTransferLocked
FN:56,transfer
FN:61,transferFrom
FN:71,_validateTransfer
FN:96,_credit
FNF:9
FNH:7
FNDA:48,constructor
FNDA:6,setTransferAllowedContract
FNDA:0,getTransferAllowedContract
FNDA:1,setBridgedTokenTransferLocked
FNDA:0,getBridgedTokenTransferLocked
FNDA:11,transfer
FNDA:6,transferFrom
FNDA:17,_validateTransfer
FNDA:10,_credit
DA:23,48
DA:24,48
DA:25,48
DA:34,6
DA:35,6
DA:39,0
DA:44,1
DA:45,1
DA:49,0
DA:57,11
DA:58,8
DA:62,6
DA:63,6
DA:73,17
DA:76,17
DA:85,3
DA:101,10
DA:103,10
DA:106,10
DA:107,10
DA:111,10
LF:21
LH:19
BRDA:33,1,0,6
BRDA:33,1,1,0
BRDA:43,2,0,1
BRDA:43,2,1,0
BRDA:76,3,0,3
BRDA:76,3,1,14
BRDA:82,4,0,1
BRDA:82,4,1,2
BRDA:101,5,0,0
BRDA:101,5,1,10
BRDA:106,6,0,10
BRDA:106,6,1,0
BRF:12
BRH:8
end_of_record
