{
"contracts/interfaces/IQuadPassport.sol":{"l":{},"path":"/home/morena/GitHub/LLM-MutationTesting/case_studies/quadrata/contracts/interfaces/IQuadPassport.sol","s":{},"b":{},"f":{},"fnMap":{},"statementMap":{},"branchMap":{}},
"contracts/interfaces/IUniswapAnchoredView.sol":{"l":{},"path":"/home/morena/GitHub/LLM-MutationTesting/case_studies/quadrata/contracts/interfaces/IUniswapAnchoredView.sol","s":{},"b":{},"f":{},"fnMap":{},"statementMap":{},"branchMap":{}},
"contracts/QuadGovernance.sol":{"l":{"57":489,"59":489,"60":489,"63":489,"64":489,"65":489,"66":489,"67":489,"70":489,"71":489,"72":489,"73":489,"76":489,"79":489,"80":489,"81":489,"82":489,"89":166,"90":165,"91":164,"92":163,"93":163,"94":163,"101":166,"102":165,"103":164,"104":163,"105":163,"107":163,"114":8,"115":7,"116":6,"118":5,"125":3,"126":2,"128":1,"129":1,"130":1,"137":5,"138":4,"140":3,"141":3,"142":3,"150":5,"151":4,"153":3,"154":3,"162":11,"163":10,"165":9,"166":9,"167":2,"169":7,"170":13,"171":7,"172":7,"173":7,"177":9,"186":6,"187":5,"189":4,"190":4,"198":4,"199":3,"200":2,"201":2,"203":2,"212":5,"213":4,"214":3,"215":3,"217":3,"224":167,"225":166,"226":165,"228":164,"229":163,"230":163,"231":163,"239":4,"240":3,"241":2,"242":2,"244":2,"252":172,"253":171,"254":170,"256":169,"257":169,"259":169,"270":167,"271":166,"272":165,"276":164,"278":164,"280":163,"281":163,"288":18,"292":2,"305":45,"306":45,"307":43,"308":43,"314":10,"315":10},"path":"/home/morena/GitHub/LLM-MutationTesting/case_studies/quadrata/contracts/QuadGovernance.sol","s":{"1":489,"2":489,"3":489,"4":489,"5":489,"6":489,"7":489,"8":166,"9":165,"10":164,"11":163,"12":163,"13":166,"14":165,"15":164,"16":163,"17":163,"18":8,"19":7,"20":6,"21":5,"22":3,"23":2,"24":1,"25":1,"26":5,"27":4,"28":3,"29":3,"30":5,"31":4,"32":3,"33":11,"34":10,"35":9,"36":2,"37":7,"38":13,"39":7,"40":9,"41":6,"42":5,"43":4,"44":4,"45":3,"46":2,"47":2,"48":5,"49":4,"50":3,"51":3,"52":167,"53":166,"54":165,"55":164,"56":163,"57":163,"58":4,"59":3,"60":2,"61":2,"62":172,"63":171,"64":170,"65":169,"66":169,"67":167,"68":166,"69":165,"70":164,"71":164,"72":163,"73":18,"74":2,"75":45,"76":45,"77":43,"78":43,"79":10,"80":10},"b":{"1":[489,0],"2":[489,0],"3":[165,1],"4":[164,1],"5":[163,1],"6":[165,1],"7":[164,1],"8":[163,1],"9":[7,1],"10":[6,1],"11":[5,1],"12":[2,1],"13":[1,1],"14":[4,1],"15":[3,1],"16":[4,1],"17":[3,1],"18":[10,1],"19":[9,1],"20":[2,7],"21":[7,6],"22":[5,1],"23":[4,1],"24":[3,1],"25":[2,1],"26":[4,1],"27":[3,1],"28":[166,1],"29":[165,1],"30":[164,1],"31":[3,1],"32":[2,1],"33":[171,1],"34":[170,1],"35":[169,1],"36":[166,1],"37":[165,1],"38":[164,1],"39":[1,1],"40":[45,0],"41":[43,2],"42":[10,0]},"f":{"1":489,"2":166,"3":166,"4":8,"5":3,"6":5,"7":5,"8":11,"9":6,"10":4,"11":5,"12":167,"13":4,"14":172,"15":167,"16":18,"17":2,"18":45,"19":10},"fnMap":{"1":{"name":"initialize","line":56,"loc":{"start":{"line":56,"column":4},"end":{"line":83,"column":4}}},"2":{"name":"setTreasury","line":88,"loc":{"start":{"line":88,"column":4},"end":{"line":95,"column":4}}},"3":{"name":"setPassportContractAddress","line":100,"loc":{"start":{"line":100,"column":4},"end":{"line":108,"column":4}}},"4":{"name":"updateGovernanceInPassport","line":113,"loc":{"start":{"line":113,"column":4},"end":{"line":119,"column":4}}},"5":{"name":"setPassportVersion","line":124,"loc":{"start":{"line":124,"column":4},"end":{"line":131,"column":4}}},"6":{"name":"setMintPrice","line":136,"loc":{"start":{"line":136,"column":4},"end":{"line":143,"column":4}}},"7":{"name":"setEligibleTokenId","line":149,"loc":{"start":{"line":149,"column":4},"end":{"line":155,"column":4}}},"8":{"name":"setEligibleAttribute","line":161,"loc":{"start":{"line":161,"column":4},"end":{"line":178,"column":4}}},"9":{"name":"setEligibleAttributeByDID","line":185,"loc":{"start":{"line":185,"column":4},"end":{"line":191,"column":4}}},"10":{"name":"setAttributePrice","line":197,"loc":{"start":{"line":197,"column":4},"end":{"line":204,"column":4}}},"11":{"name":"setAttributeMintPrice","line":211,"loc":{"start":{"line":211,"column":4},"end":{"line":218,"column":4}}},"12":{"name":"setOracle","line":223,"loc":{"start":{"line":223,"column":4},"end":{"line":232,"column":4}}},"13":{"name":"setRevSplitIssuer","line":238,"loc":{"start":{"line":238,"column":4},"end":{"line":245,"column":4}}},"14":{"name":"addIssuer","line":251,"loc":{"start":{"line":251,"column":4},"end":{"line":260,"column":4}}},"15":{"name":"allowTokenPayment","line":266,"loc":{"start":{"line":266,"column":4},"end":{"line":282,"column":4}}},"16":{"name":"getSupportedAttributesLength","line":287,"loc":{"start":{"line":287,"column":4},"end":{"line":289,"column":4}}},"17":{"name":"_authorizeUpgrade","line":291,"loc":{"start":{"line":291,"column":4},"end":{"line":293,"column":4}}},"18":{"name":"getPrice","line":304,"loc":{"start":{"line":304,"column":4},"end":{"line":309,"column":4}}},"19":{"name":"getPriceETH","line":313,"loc":{"start":{"line":313,"column":4},"end":{"line":316,"column":4}}}},"statementMap":{"1":{"start":{"line":57,"column":8},"end":{"line":57,"column":58}},"2":{"start":{"line":66,"column":8},"end":{"line":66,"column":49}},"3":{"start":{"line":67,"column":8},"end":{"line":67,"column":53}},"4":{"start":{"line":79,"column":8},"end":{"line":79,"column":50}},"5":{"start":{"line":80,"column":8},"end":{"line":80,"column":50}},"6":{"start":{"line":81,"column":8},"end":{"line":81,"column":42}},"7":{"start":{"line":82,"column":8},"end":{"line":82,"column":45}},"8":{"start":{"line":89,"column":8},"end":{"line":89,"column":71}},"9":{"start":{"line":90,"column":8},"end":{"line":90,"column":64}},"10":{"start":{"line":91,"column":8},"end":{"line":91,"column":69}},"11":{"start":{"line":92,"column":8},"end":{"line":92,"column":38}},"12":{"start":{"line":94,"column":8},"end":{"line":94,"column":52}},"13":{"start":{"line":101,"column":8},"end":{"line":101,"column":71}},"14":{"start":{"line":102,"column":8},"end":{"line":102,"column":68}},"15":{"start":{"line":103,"column":8},"end":{"line":103,"column":82}},"16":{"start":{"line":104,"column":8},"end":{"line":104,"column":48}},"17":{"start":{"line":107,"column":8},"end":{"line":107,"column":68}},"18":{"start":{"line":114,"column":8},"end":{"line":114,"column":71}},"19":{"start":{"line":115,"column":8},"end":{"line":115,"column":71}},"20":{"start":{"line":116,"column":8},"end":{"line":116,"column":67}},"21":{"start":{"line":118,"column":8},"end":{"line":118,"column":45}},"22":{"start":{"line":125,"column":8},"end":{"line":125,"column":71}},"23":{"start":{"line":126,"column":8},"end":{"line":126,"column":74}},"24":{"start":{"line":128,"column":8},"end":{"line":128,"column":44}},"25":{"start":{"line":130,"column":8},"end":{"line":130,"column":64}},"26":{"start":{"line":137,"column":8},"end":{"line":137,"column":71}},"27":{"start":{"line":138,"column":8},"end":{"line":138,"column":65}},"28":{"start":{"line":140,"column":8},"end":{"line":140,"column":40}},"29":{"start":{"line":142,"column":8},"end":{"line":142,"column":62}},"30":{"start":{"line":150,"column":8},"end":{"line":150,"column":71}},"31":{"start":{"line":151,"column":8},"end":{"line":151,"column":93}},"32":{"start":{"line":154,"column":8},"end":{"line":154,"column":60}},"33":{"start":{"line":162,"column":8},"end":{"line":162,"column":71}},"34":{"start":{"line":163,"column":8},"end":{"line":163,"column":94}},"35":{"start":{"line":166,"column":8},"end":{"line":166,"column":7855}},"36":{"start":{"line":167,"column":12},"end":{"line":167,"column":47}},"37":{"start":{"line":169,"column":12},"end":{"line":169,"column":7961}},"38":{"start":{"line":170,"column":16},"end":{"line":170,"column":8040}},"39":{"start":{"line":172,"column":20},"end":{"line":172,"column":44}},"40":{"start":{"line":177,"column":8},"end":{"line":177,"column":66}},"41":{"start":{"line":186,"column":8},"end":{"line":186,"column":71}},"42":{"start":{"line":187,"column":8},"end":{"line":187,"column":99}},"43":{"start":{"line":190,"column":8},"end":{"line":190,"column":71}},"44":{"start":{"line":198,"column":8},"end":{"line":198,"column":71}},"45":{"start":{"line":199,"column":8},"end":{"line":199,"column":86}},"46":{"start":{"line":200,"column":8},"end":{"line":200,"column":56}},"47":{"start":{"line":203,"column":8},"end":{"line":203,"column":64}},"48":{"start":{"line":212,"column":8},"end":{"line":212,"column":71}},"49":{"start":{"line":213,"column":8},"end":{"line":213,"column":95}},"50":{"start":{"line":214,"column":8},"end":{"line":214,"column":60}},"51":{"start":{"line":217,"column":8},"end":{"line":217,"column":68}},"52":{"start":{"line":224,"column":8},"end":{"line":224,"column":71}},"53":{"start":{"line":225,"column":8},"end":{"line":225,"column":64}},"54":{"start":{"line":226,"column":8},"end":{"line":226,"column":67}},"55":{"start":{"line":228,"column":8},"end":{"line":228,"column":53}},"56":{"start":{"line":229,"column":8},"end":{"line":229,"column":35}},"57":{"start":{"line":231,"column":8},"end":{"line":231,"column":51}},"58":{"start":{"line":239,"column":8},"end":{"line":239,"column":71}},"59":{"start":{"line":240,"column":8},"end":{"line":240,"column":65}},"60":{"start":{"line":241,"column":8},"end":{"line":241,"column":41}},"61":{"start":{"line":244,"column":8},"end":{"line":244,"column":56}},"62":{"start":{"line":252,"column":8},"end":{"line":252,"column":71}},"63":{"start":{"line":253,"column":8},"end":{"line":253,"column":71}},"64":{"start":{"line":254,"column":8},"end":{"line":254,"column":60}},"65":{"start":{"line":256,"column":8},"end":{"line":256,"column":38}},"66":{"start":{"line":259,"column":8},"end":{"line":259,"column":44}},"67":{"start":{"line":270,"column":8},"end":{"line":270,"column":71}},"68":{"start":{"line":271,"column":8},"end":{"line":271,"column":70}},"69":{"start":{"line":272,"column":8},"end":{"line":272,"column":12890}},"70":{"start":{"line":276,"column":8},"end":{"line":276,"column":79}},"71":{"start":{"line":278,"column":8},"end":{"line":278,"column":26}},"72":{"start":{"line":281,"column":8},"end":{"line":281,"column":54}},"73":{"start":{"line":288,"column":8},"end":{"line":288,"column":41}},"74":{"start":{"line":292,"column":8},"end":{"line":292,"column":71}},"75":{"start":{"line":305,"column":8},"end":{"line":305,"column":59}},"76":{"start":{"line":306,"column":8},"end":{"line":306,"column":78}},"77":{"start":{"line":307,"column":8},"end":{"line":307,"column":79}},"78":{"start":{"line":308,"column":8},"end":{"line":308,"column":65}},"79":{"start":{"line":314,"column":8},"end":{"line":314,"column":59}},"80":{"start":{"line":315,"column":8},"end":{"line":315,"column":56}}},"branchMap":{"1":{"line":56,"type":"if","locations":[{"start":{"line":56,"column":47},"end":{"line":56,"column":47}},{"start":{"line":56,"column":47},"end":{"line":56,"column":47}}]},"2":{"line":57,"type":"if","locations":[{"start":{"line":57,"column":8},"end":{"line":57,"column":8}},{"start":{"line":57,"column":8},"end":{"line":57,"column":8}}]},"3":{"line":89,"type":"if","locations":[{"start":{"line":89,"column":8},"end":{"line":89,"column":8}},{"start":{"line":89,"column":8},"end":{"line":89,"column":8}}]},"4":{"line":90,"type":"if","locations":[{"start":{"line":90,"column":8},"end":{"line":90,"column":8}},{"start":{"line":90,"column":8},"end":{"line":90,"column":8}}]},"5":{"line":91,"type":"if","locations":[{"start":{"line":91,"column":8},"end":{"line":91,"column":8}},{"start":{"line":91,"column":8},"end":{"line":91,"column":8}}]},"6":{"line":101,"type":"if","locations":[{"start":{"line":101,"column":8},"end":{"line":101,"column":8}},{"start":{"line":101,"column":8},"end":{"line":101,"column":8}}]},"7":{"line":102,"type":"if","locations":[{"start":{"line":102,"column":8},"end":{"line":102,"column":8}},{"start":{"line":102,"column":8},"end":{"line":102,"column":8}}]},"8":{"line":103,"type":"if","locations":[{"start":{"line":103,"column":8},"end":{"line":103,"column":8}},{"start":{"line":103,"column":8},"end":{"line":103,"column":8}}]},"9":{"line":114,"type":"if","locations":[{"start":{"line":114,"column":8},"end":{"line":114,"column":8}},{"start":{"line":114,"column":8},"end":{"line":114,"column":8}}]},"10":{"line":115,"type":"if","locations":[{"start":{"line":115,"column":8},"end":{"line":115,"column":8}},{"start":{"line":115,"column":8},"end":{"line":115,"column":8}}]},"11":{"line":116,"type":"if","locations":[{"start":{"line":116,"column":8},"end":{"line":116,"column":8}},{"start":{"line":116,"column":8},"end":{"line":116,"column":8}}]},"12":{"line":125,"type":"if","locations":[{"start":{"line":125,"column":8},"end":{"line":125,"column":8}},{"start":{"line":125,"column":8},"end":{"line":125,"column":8}}]},"13":{"line":126,"type":"if","locations":[{"start":{"line":126,"column":8},"end":{"line":126,"column":8}},{"start":{"line":126,"column":8},"end":{"line":126,"column":8}}]},"14":{"line":137,"type":"if","locations":[{"start":{"line":137,"column":8},"end":{"line":137,"column":8}},{"start":{"line":137,"column":8},"end":{"line":137,"column":8}}]},"15":{"line":138,"type":"if","locations":[{"start":{"line":138,"column":8},"end":{"line":138,"column":8}},{"start":{"line":138,"column":8},"end":{"line":138,"column":8}}]},"16":{"line":150,"type":"if","locations":[{"start":{"line":150,"column":8},"end":{"line":150,"column":8}},{"start":{"line":150,"column":8},"end":{"line":150,"column":8}}]},"17":{"line":151,"type":"if","locations":[{"start":{"line":151,"column":8},"end":{"line":151,"column":8}},{"start":{"line":151,"column":8},"end":{"line":151,"column":8}}]},"18":{"line":162,"type":"if","locations":[{"start":{"line":162,"column":8},"end":{"line":162,"column":8}},{"start":{"line":162,"column":8},"end":{"line":162,"column":8}}]},"19":{"line":163,"type":"if","locations":[{"start":{"line":163,"column":8},"end":{"line":163,"column":8}},{"start":{"line":163,"column":8},"end":{"line":163,"column":8}}]},"20":{"line":166,"type":"if","locations":[{"start":{"line":166,"column":8},"end":{"line":166,"column":8}},{"start":{"line":166,"column":8},"end":{"line":166,"column":8}}]},"21":{"line":170,"type":"if","locations":[{"start":{"line":170,"column":16},"end":{"line":170,"column":16}},{"start":{"line":170,"column":16},"end":{"line":170,"column":16}}]},"22":{"line":186,"type":"if","locations":[{"start":{"line":186,"column":8},"end":{"line":186,"column":8}},{"start":{"line":186,"column":8},"end":{"line":186,"column":8}}]},"23":{"line":187,"type":"if","locations":[{"start":{"line":187,"column":8},"end":{"line":187,"column":8}},{"start":{"line":187,"column":8},"end":{"line":187,"column":8}}]},"24":{"line":198,"type":"if","locations":[{"start":{"line":198,"column":8},"end":{"line":198,"column":8}},{"start":{"line":198,"column":8},"end":{"line":198,"column":8}}]},"25":{"line":199,"type":"if","locations":[{"start":{"line":199,"column":8},"end":{"line":199,"column":8}},{"start":{"line":199,"column":8},"end":{"line":199,"column":8}}]},"26":{"line":212,"type":"if","locations":[{"start":{"line":212,"column":8},"end":{"line":212,"column":8}},{"start":{"line":212,"column":8},"end":{"line":212,"column":8}}]},"27":{"line":213,"type":"if","locations":[{"start":{"line":213,"column":8},"end":{"line":213,"column":8}},{"start":{"line":213,"column":8},"end":{"line":213,"column":8}}]},"28":{"line":224,"type":"if","locations":[{"start":{"line":224,"column":8},"end":{"line":224,"column":8}},{"start":{"line":224,"column":8},"end":{"line":224,"column":8}}]},"29":{"line":225,"type":"if","locations":[{"start":{"line":225,"column":8},"end":{"line":225,"column":8}},{"start":{"line":225,"column":8},"end":{"line":225,"column":8}}]},"30":{"line":226,"type":"if","locations":[{"start":{"line":226,"column":8},"end":{"line":226,"column":8}},{"start":{"line":226,"column":8},"end":{"line":226,"column":8}}]},"31":{"line":239,"type":"if","locations":[{"start":{"line":239,"column":8},"end":{"line":239,"column":8}},{"start":{"line":239,"column":8},"end":{"line":239,"column":8}}]},"32":{"line":240,"type":"if","locations":[{"start":{"line":240,"column":8},"end":{"line":240,"column":8}},{"start":{"line":240,"column":8},"end":{"line":240,"column":8}}]},"33":{"line":252,"type":"if","locations":[{"start":{"line":252,"column":8},"end":{"line":252,"column":8}},{"start":{"line":252,"column":8},"end":{"line":252,"column":8}}]},"34":{"line":253,"type":"if","locations":[{"start":{"line":253,"column":8},"end":{"line":253,"column":8}},{"start":{"line":253,"column":8},"end":{"line":253,"column":8}}]},"35":{"line":254,"type":"if","locations":[{"start":{"line":254,"column":8},"end":{"line":254,"column":8}},{"start":{"line":254,"column":8},"end":{"line":254,"column":8}}]},"36":{"line":270,"type":"if","locations":[{"start":{"line":270,"column":8},"end":{"line":270,"column":8}},{"start":{"line":270,"column":8},"end":{"line":270,"column":8}}]},"37":{"line":271,"type":"if","locations":[{"start":{"line":271,"column":8},"end":{"line":271,"column":8}},{"start":{"line":271,"column":8},"end":{"line":271,"column":8}}]},"38":{"line":272,"type":"if","locations":[{"start":{"line":272,"column":8},"end":{"line":272,"column":8}},{"start":{"line":272,"column":8},"end":{"line":272,"column":8}}]},"39":{"line":292,"type":"if","locations":[{"start":{"line":292,"column":8},"end":{"line":292,"column":8}},{"start":{"line":292,"column":8},"end":{"line":292,"column":8}}]},"40":{"line":305,"type":"if","locations":[{"start":{"line":305,"column":8},"end":{"line":305,"column":8}},{"start":{"line":305,"column":8},"end":{"line":305,"column":8}}]},"41":{"line":306,"type":"if","locations":[{"start":{"line":306,"column":8},"end":{"line":306,"column":8}},{"start":{"line":306,"column":8},"end":{"line":306,"column":8}}]},"42":{"line":314,"type":"if","locations":[{"start":{"line":314,"column":8},"end":{"line":314,"column":8}},{"start":{"line":314,"column":8},"end":{"line":314,"column":8}}]}}},
"contracts/QuadPassport.sol":{"l":{"25":486,"26":486,"27":486,"46":107,"47":106,"48":105,"50":103,"52":96,"53":96,"54":96,"55":96,"56":96,"57":96,"58":96,"59":96,"76":20,"77":19,"79":12,"80":12,"81":12,"98":9,"99":8,"110":20,"111":18,"112":16,"113":14,"117":12,"118":6,"125":6,"126":6,"127":6,"141":4,"142":2,"144":2,"145":4,"146":4,"158":5,"159":4,"160":2,"162":2,"163":4,"164":4,"178":11,"179":5,"180":2,"193":97,"194":96,"195":90,"210":32,"211":20,"212":20,"220":139,"221":136,"222":133,"223":121,"228":115,"229":70,"233":45,"234":45,"235":45,"244":0,"245":0,"257":103,"258":103,"260":103,"261":103,"262":103,"264":96,"275":19,"277":19,"279":18,"280":18,"281":18,"283":12,"294":100,"299":100,"303":0,"310":5,"311":5,"312":5,"316":2,"317":2,"318":2,"319":2,"328":20,"329":20,"330":19,"331":19,"335":19,"336":19,"337":19,"338":19,"346":63,"347":62,"348":62,"349":51,"350":51,"351":51,"359":92,"360":91,"361":91,"362":47,"363":47,"364":47,"365":47,"376":46,"377":46,"379":43,"380":43,"389":11,"390":10,"391":10,"397":7,"398":5,"399":4,"400":4,"401":4,"403":4,"407":2},"path":"/home/morena/GitHub/LLM-MutationTesting/case_studies/quadrata/contracts/QuadPassport.sol","s":{"1":486,"2":486,"3":107,"4":106,"5":105,"6":103,"7":96,"8":20,"9":19,"10":12,"11":9,"12":8,"13":20,"14":18,"15":16,"16":14,"17":12,"18":6,"19":6,"20":4,"21":2,"22":2,"23":4,"24":5,"25":4,"26":2,"27":2,"28":4,"29":11,"30":5,"31":2,"32":97,"33":96,"34":90,"35":32,"36":20,"37":20,"38":139,"39":136,"40":133,"41":121,"42":115,"43":70,"44":45,"45":45,"46":45,"47":0,"48":0,"49":103,"50":103,"51":103,"52":103,"53":103,"54":96,"55":19,"56":19,"57":18,"58":18,"59":18,"60":12,"61":100,"62":100,"63":0,"64":5,"65":5,"66":5,"67":2,"68":2,"69":20,"70":20,"71":19,"72":19,"73":19,"74":19,"75":63,"76":62,"77":62,"78":51,"79":51,"80":92,"81":91,"82":91,"83":47,"84":47,"85":47,"86":46,"87":46,"88":43,"89":43,"90":11,"91":10,"92":10,"93":7,"94":5,"95":4,"96":4,"97":4,"98":2},"b":{"1":[486,0],"2":[486,0],"3":[106,1],"4":[105,1],"5":[103,2],"6":[19,1],"7":[8,1],"8":[18,2],"9":[16,2],"10":[14,2],"11":[12,2],"12":[6,6],"13":[6,6],"14":[6,0],"15":[2,2],"16":[4,1],"17":[2,2],"18":[96,1],"19":[136,3],"20":[133,3],"21":[121,12],"22":[115,6],"23":[70,45],"24":[70,45],"25":[45,0],"26":[0,0],"27":[103,0],"28":[96,7],"29":[18,1],"30":[12,6],"31":[100,0],"32":[96,4],"33":[5,0],"34":[2,3],"35":[19,1],"36":[19,0],"37":[62,1],"38":[51,11],"39":[91,1],"40":[47,44],"41":[5,2],"42":[4,1],"43":[4,0],"44":[1,1]},"f":{"1":486,"2":107,"3":20,"4":9,"5":20,"6":4,"7":5,"8":11,"9":97,"10":32,"11":139,"12":0,"13":103,"14":19,"15":100,"16":0,"17":5,"18":20,"19":63,"20":92,"21":46,"22":11,"23":7,"24":2},"fnMap":{"1":{"name":"initialize","line":24,"loc":{"start":{"line":21,"column":4},"end":{"line":28,"column":4}}},"2":{"name":"mintPassport","line":38,"loc":{"start":{"line":38,"column":4},"end":{"line":60,"column":4}}},"3":{"name":"setAttribute","line":69,"loc":{"start":{"line":69,"column":4},"end":{"line":82,"column":4}}},"4":{"name":"setAttributeIssuer","line":91,"loc":{"start":{"line":91,"column":4},"end":{"line":100,"column":4}}},"5":{"name":"_setAttributeInternal","line":102,"loc":{"start":{"line":102,"column":4},"end":{"line":133,"column":4}}},"6":{"name":"burnPassport","line":138,"loc":{"start":{"line":138,"column":4},"end":{"line":148,"column":4}}},"7":{"name":"burnPassportIssuer","line":154,"loc":{"start":{"line":154,"column":4},"end":{"line":166,"column":4}}},"8":{"name":"getAttributeETH","line":173,"loc":{"start":{"line":173,"column":4},"end":{"line":181,"column":4}}},"9":{"name":"getAttributeFree","line":188,"loc":{"start":{"line":188,"column":4},"end":{"line":196,"column":4}}},"10":{"name":"getAttribute","line":204,"loc":{"start":{"line":204,"column":4},"end":{"line":213,"column":4}}},"11":{"name":"_getAttributeInternal","line":215,"loc":{"start":{"line":215,"column":4},"end":{"line":236,"column":4}}},"12":{"name":"getPassportSignature","line":241,"loc":{"start":{"line":241,"column":4},"end":{"line":246,"column":4}}},"13":{"name":"_verifyIssuerMint","line":248,"loc":{"start":{"line":248,"column":4},"end":{"line":265,"column":4}}},"14":{"name":"_verifyIssuerSetAttr","line":267,"loc":{"start":{"line":267,"column":4},"end":{"line":284,"column":4}}},"15":{"name":"_beforeTokenTransfer","line":286,"loc":{"start":{"line":286,"column":4},"end":{"line":300,"column":4}}},"16":{"name":"supportsInterface","line":302,"loc":{"start":{"line":302,"column":4},"end":{"line":304,"column":4}}},"17":{"name":"_doETHPayment","line":306,"loc":{"start":{"line":306,"column":4},"end":{"line":321,"column":4}}},"18":{"name":"_doTokenPayment","line":323,"loc":{"start":{"line":323,"column":4},"end":{"line":340,"column":4}}},"19":{"name":"withdrawETH","line":345,"loc":{"start":{"line":345,"column":4},"end":{"line":352,"column":4}}},"20":{"name":"withdrawToken","line":358,"loc":{"start":{"line":358,"column":4},"end":{"line":366,"column":4}}},"21":{"name":"calculatePaymentToken","line":372,"loc":{"start":{"line":372,"column":4},"end":{"line":381,"column":4}}},"22":{"name":"calculatePaymentETH","line":386,"loc":{"start":{"line":386,"column":4},"end":{"line":392,"column":4}}},"23":{"name":"setGovernance","line":396,"loc":{"start":{"line":396,"column":4},"end":{"line":404,"column":4}}},"24":{"name":"_authorizeUpgrade","line":406,"loc":{"start":{"line":406,"column":4},"end":{"line":408,"column":4}}}},"statementMap":{"1":{"start":{"line":25,"column":8},"end":{"line":25,"column":76}},"2":{"start":{"line":26,"column":8},"end":{"line":26,"column":27}},"3":{"start":{"line":46,"column":8},"end":{"line":46,"column":73}},"4":{"start":{"line":47,"column":8},"end":{"line":47,"column":80}},"5":{"start":{"line":48,"column":8},"end":{"line":48,"column":81}},"6":{"start":{"line":50,"column":8},"end":{"line":50,"column":125}},"7":{"start":{"line":59,"column":8},"end":{"line":59,"column":43}},"8":{"start":{"line":76,"column":8},"end":{"line":76,"column":100}},"9":{"start":{"line":77,"column":8},"end":{"line":77,"column":122}},"10":{"start":{"line":81,"column":8},"end":{"line":81,"column":91}},"11":{"start":{"line":98,"column":8},"end":{"line":98,"column":79}},"12":{"start":{"line":99,"column":8},"end":{"line":99,"column":93}},"13":{"start":{"line":110,"column":8},"end":{"line":110,"column":80}},"14":{"start":{"line":111,"column":8},"end":{"line":111,"column":77}},"15":{"start":{"line":112,"column":8},"end":{"line":112,"column":68}},"16":{"start":{"line":113,"column":8},"end":{"line":113,"column":5602}},"17":{"start":{"line":117,"column":8},"end":{"line":117,"column":5771}},"18":{"start":{"line":125,"column":12},"end":{"line":125,"column":71}},"19":{"start":{"line":126,"column":12},"end":{"line":126,"column":54}},"20":{"start":{"line":141,"column":8},"end":{"line":141,"column":82}},"21":{"start":{"line":142,"column":8},"end":{"line":142,"column":39}},"22":{"start":{"line":144,"column":8},"end":{"line":144,"column":6728}},"23":{"start":{"line":145,"column":12},"end":{"line":145,"column":69}},"24":{"start":{"line":158,"column":8},"end":{"line":158,"column":79}},"25":{"start":{"line":159,"column":8},"end":{"line":159,"column":78}},"26":{"start":{"line":160,"column":8},"end":{"line":160,"column":35}},"27":{"start":{"line":162,"column":8},"end":{"line":162,"column":7493}},"28":{"start":{"line":163,"column":12},"end":{"line":163,"column":69}},"29":{"start":{"line":178,"column":8},"end":{"line":178,"column":90}},"30":{"start":{"line":179,"column":8},"end":{"line":179,"column":50}},"31":{"start":{"line":180,"column":8},"end":{"line":180,"column":49}},"32":{"start":{"line":193,"column":8},"end":{"line":193,"column":83}},"33":{"start":{"line":194,"column":8},"end":{"line":194,"column":90}},"34":{"start":{"line":195,"column":8},"end":{"line":195,"column":49}},"35":{"start":{"line":210,"column":8},"end":{"line":210,"column":90}},"36":{"start":{"line":211,"column":8},"end":{"line":211,"column":64}},"37":{"start":{"line":212,"column":8},"end":{"line":212,"column":49}},"38":{"start":{"line":220,"column":8},"end":{"line":220,"column":62}},"39":{"start":{"line":221,"column":8},"end":{"line":221,"column":80}},"40":{"start":{"line":222,"column":8},"end":{"line":222,"column":77}},"41":{"start":{"line":223,"column":8},"end":{"line":223,"column":10386}},"42":{"start":{"line":228,"column":8},"end":{"line":228,"column":10556}},"43":{"start":{"line":229,"column":12},"end":{"line":229,"column":52}},"44":{"start":{"line":233,"column":8},"end":{"line":233,"column":67}},"45":{"start":{"line":234,"column":8},"end":{"line":234,"column":50}},"46":{"start":{"line":235,"column":8},"end":{"line":235,"column":48}},"47":{"start":{"line":244,"column":8},"end":{"line":244,"column":80}},"48":{"start":{"line":245,"column":8},"end":{"line":245,"column":55}},"49":{"start":{"line":257,"column":8},"end":{"line":257,"column":102}},"50":{"start":{"line":258,"column":8},"end":{"line":258,"column":60}},"51":{"start":{"line":260,"column":8},"end":{"line":260,"column":73}},"52":{"start":{"line":261,"column":8},"end":{"line":261,"column":66}},"53":{"start":{"line":262,"column":8},"end":{"line":262,"column":73}},"54":{"start":{"line":264,"column":8},"end":{"line":264,"column":29}},"55":{"start":{"line":275,"column":8},"end":{"line":275,"column":95}},"56":{"start":{"line":277,"column":8},"end":{"line":277,"column":60}},"57":{"start":{"line":279,"column":8},"end":{"line":279,"column":73}},"58":{"start":{"line":280,"column":8},"end":{"line":280,"column":66}},"59":{"start":{"line":281,"column":8},"end":{"line":281,"column":73}},"60":{"start":{"line":283,"column":8},"end":{"line":283,"column":29}},"61":{"start":{"line":294,"column":4},"end":{"line":294,"column":12945}},"62":{"start":{"line":299,"column":8},"end":{"line":299,"column":73}},"63":{"start":{"line":303,"column":8},"end":{"line":303,"column":51}},"64":{"start":{"line":310,"column":8},"end":{"line":310,"column":59}},"65":{"start":{"line":311,"column":8},"end":{"line":311,"column":13549}},"66":{"start":{"line":312,"column":12},"end":{"line":312,"column":13586}},"67":{"start":{"line":316,"column":12},"end":{"line":316,"column":80}},"68":{"start":{"line":317,"column":12},"end":{"line":317,"column":61}},"69":{"start":{"line":328,"column":8},"end":{"line":328,"column":78}},"70":{"start":{"line":329,"column":8},"end":{"line":329,"column":14233}},"71":{"start":{"line":330,"column":12},"end":{"line":330,"column":86}},"72":{"start":{"line":331,"column":12},"end":{"line":331,"column":14360}},"73":{"start":{"line":335,"column":12},"end":{"line":335,"column":86}},"74":{"start":{"line":336,"column":12},"end":{"line":336,"column":63}},"75":{"start":{"line":346,"column":7},"end":{"line":346,"column":57}},"76":{"start":{"line":347,"column":7},"end":{"line":347,"column":56}},"77":{"start":{"line":348,"column":7},"end":{"line":348,"column":55}},"78":{"start":{"line":350,"column":7},"end":{"line":350,"column":34}},"79":{"start":{"line":351,"column":7},"end":{"line":351,"column":28}},"80":{"start":{"line":359,"column":7},"end":{"line":359,"column":57}},"81":{"start":{"line":360,"column":7},"end":{"line":360,"column":61}},"82":{"start":{"line":361,"column":7},"end":{"line":361,"column":55}},"83":{"start":{"line":363,"column":8},"end":{"line":363,"column":75}},"84":{"start":{"line":364,"column":7},"end":{"line":364,"column":41}},"85":{"start":{"line":365,"column":7},"end":{"line":365,"column":28}},"86":{"start":{"line":376,"column":8},"end":{"line":376,"column":82}},"87":{"start":{"line":377,"column":8},"end":{"line":377,"column":63}},"88":{"start":{"line":379,"column":8},"end":{"line":379,"column":115}},"89":{"start":{"line":380,"column":8},"end":{"line":380,"column":26}},"90":{"start":{"line":389,"column":8},"end":{"line":389,"column":53}},"91":{"start":{"line":390,"column":8},"end":{"line":390,"column":91}},"92":{"start":{"line":391,"column":8},"end":{"line":391,"column":24}},"93":{"start":{"line":397,"column":8},"end":{"line":397,"column":79}},"94":{"start":{"line":398,"column":8},"end":{"line":398,"column":84}},"95":{"start":{"line":399,"column":8},"end":{"line":399,"column":76}},"96":{"start":{"line":400,"column":8},"end":{"line":400,"column":44}},"97":{"start":{"line":403,"column":8},"end":{"line":403,"column":59}},"98":{"start":{"line":407,"column":8},"end":{"line":407,"column":82}}},"branchMap":{"1":{"line":24,"type":"if","locations":[{"start":{"line":24,"column":13},"end":{"line":24,"column":13}},{"start":{"line":24,"column":13},"end":{"line":24,"column":13}}]},"2":{"line":25,"type":"if","locations":[{"start":{"line":25,"column":8},"end":{"line":25,"column":8}},{"start":{"line":25,"column":8},"end":{"line":25,"column":8}}]},"3":{"line":46,"type":"if","locations":[{"start":{"line":46,"column":8},"end":{"line":46,"column":8}},{"start":{"line":46,"column":8},"end":{"line":46,"column":8}}]},"4":{"line":47,"type":"if","locations":[{"start":{"line":47,"column":8},"end":{"line":47,"column":8}},{"start":{"line":47,"column":8},"end":{"line":47,"column":8}}]},"5":{"line":48,"type":"if","locations":[{"start":{"line":48,"column":8},"end":{"line":48,"column":8}},{"start":{"line":48,"column":8},"end":{"line":48,"column":8}}]},"6":{"line":76,"type":"if","locations":[{"start":{"line":76,"column":8},"end":{"line":76,"column":8}},{"start":{"line":76,"column":8},"end":{"line":76,"column":8}}]},"7":{"line":98,"type":"if","locations":[{"start":{"line":98,"column":8},"end":{"line":98,"column":8}},{"start":{"line":98,"column":8},"end":{"line":98,"column":8}}]},"8":{"line":110,"type":"if","locations":[{"start":{"line":110,"column":8},"end":{"line":110,"column":8}},{"start":{"line":110,"column":8},"end":{"line":110,"column":8}}]},"9":{"line":111,"type":"if","locations":[{"start":{"line":111,"column":8},"end":{"line":111,"column":8}},{"start":{"line":111,"column":8},"end":{"line":111,"column":8}}]},"10":{"line":112,"type":"if","locations":[{"start":{"line":112,"column":8},"end":{"line":112,"column":8}},{"start":{"line":112,"column":8},"end":{"line":112,"column":8}}]},"11":{"line":113,"type":"if","locations":[{"start":{"line":113,"column":8},"end":{"line":113,"column":8}},{"start":{"line":113,"column":8},"end":{"line":113,"column":8}}]},"12":{"line":113,"type":"cond-expr","locations":[{"start":{"line":113,"column":16},"end":{"line":113,"column":56}},{"start":{"line":114,"column":15},"end":{"line":114,"column":60}}]},"13":{"line":117,"type":"if","locations":[{"start":{"line":117,"column":8},"end":{"line":117,"column":8}},{"start":{"line":117,"column":8},"end":{"line":117,"column":8}}]},"14":{"line":126,"type":"if","locations":[{"start":{"line":126,"column":12},"end":{"line":126,"column":12}},{"start":{"line":126,"column":12},"end":{"line":126,"column":12}}]},"15":{"line":141,"type":"if","locations":[{"start":{"line":141,"column":8},"end":{"line":141,"column":8}},{"start":{"line":141,"column":8},"end":{"line":141,"column":8}}]},"16":{"line":158,"type":"if","locations":[{"start":{"line":158,"column":8},"end":{"line":158,"column":8}},{"start":{"line":158,"column":8},"end":{"line":158,"column":8}}]},"17":{"line":159,"type":"if","locations":[{"start":{"line":159,"column":8},"end":{"line":159,"column":8}},{"start":{"line":159,"column":8},"end":{"line":159,"column":8}}]},"18":{"line":193,"type":"if","locations":[{"start":{"line":193,"column":8},"end":{"line":193,"column":8}},{"start":{"line":193,"column":8},"end":{"line":193,"column":8}}]},"19":{"line":220,"type":"if","locations":[{"start":{"line":220,"column":8},"end":{"line":220,"column":8}},{"start":{"line":220,"column":8},"end":{"line":220,"column":8}}]},"20":{"line":221,"type":"if","locations":[{"start":{"line":221,"column":8},"end":{"line":221,"column":8}},{"start":{"line":221,"column":8},"end":{"line":221,"column":8}}]},"21":{"line":222,"type":"if","locations":[{"start":{"line":222,"column":8},"end":{"line":222,"column":8}},{"start":{"line":222,"column":8},"end":{"line":222,"column":8}}]},"22":{"line":223,"type":"if","locations":[{"start":{"line":223,"column":8},"end":{"line":223,"column":8}},{"start":{"line":223,"column":8},"end":{"line":223,"column":8}}]},"23":{"line":223,"type":"cond-expr","locations":[{"start":{"line":223,"column":16},"end":{"line":223,"column":56}},{"start":{"line":224,"column":15},"end":{"line":224,"column":60}}]},"24":{"line":228,"type":"if","locations":[{"start":{"line":228,"column":8},"end":{"line":228,"column":8}},{"start":{"line":228,"column":8},"end":{"line":228,"column":8}}]},"25":{"line":234,"type":"if","locations":[{"start":{"line":234,"column":8},"end":{"line":234,"column":8}},{"start":{"line":234,"column":8},"end":{"line":234,"column":8}}]},"26":{"line":244,"type":"if","locations":[{"start":{"line":244,"column":8},"end":{"line":244,"column":8}},{"start":{"line":244,"column":8},"end":{"line":244,"column":8}}]},"27":{"line":258,"type":"if","locations":[{"start":{"line":258,"column":8},"end":{"line":258,"column":8}},{"start":{"line":258,"column":8},"end":{"line":258,"column":8}}]},"28":{"line":262,"type":"if","locations":[{"start":{"line":262,"column":8},"end":{"line":262,"column":8}},{"start":{"line":262,"column":8},"end":{"line":262,"column":8}}]},"29":{"line":277,"type":"if","locations":[{"start":{"line":277,"column":8},"end":{"line":277,"column":8}},{"start":{"line":277,"column":8},"end":{"line":277,"column":8}}]},"30":{"line":281,"type":"if","locations":[{"start":{"line":281,"column":8},"end":{"line":281,"column":8}},{"start":{"line":281,"column":8},"end":{"line":281,"column":8}}]},"31":{"line":294,"type":"if","locations":[{"start":{"line":294,"column":4},"end":{"line":294,"column":4}},{"start":{"line":294,"column":4},"end":{"line":294,"column":4}}]},"32":{"line":295,"type":"cond-expr","locations":[{"start":{"line":295,"column":8},"end":{"line":295,"column":47}},{"start":{"line":296,"column":11},"end":{"line":296,"column":50}}]},"33":{"line":311,"type":"if","locations":[{"start":{"line":311,"column":8},"end":{"line":311,"column":8}},{"start":{"line":311,"column":8},"end":{"line":311,"column":8}}]},"34":{"line":312,"type":"if","locations":[{"start":{"line":312,"column":12},"end":{"line":312,"column":12}},{"start":{"line":312,"column":12},"end":{"line":312,"column":12}}]},"35":{"line":329,"type":"if","locations":[{"start":{"line":329,"column":8},"end":{"line":329,"column":8}},{"start":{"line":329,"column":8},"end":{"line":329,"column":8}}]},"36":{"line":331,"type":"if","locations":[{"start":{"line":331,"column":12},"end":{"line":331,"column":12}},{"start":{"line":331,"column":12},"end":{"line":331,"column":12}}]},"37":{"line":346,"type":"if","locations":[{"start":{"line":346,"column":7},"end":{"line":346,"column":7}},{"start":{"line":346,"column":7},"end":{"line":346,"column":7}}]},"38":{"line":348,"type":"if","locations":[{"start":{"line":348,"column":7},"end":{"line":348,"column":7}},{"start":{"line":348,"column":7},"end":{"line":348,"column":7}}]},"39":{"line":359,"type":"if","locations":[{"start":{"line":359,"column":7},"end":{"line":359,"column":7}},{"start":{"line":359,"column":7},"end":{"line":359,"column":7}}]},"40":{"line":361,"type":"if","locations":[{"start":{"line":361,"column":7},"end":{"line":361,"column":7}},{"start":{"line":361,"column":7},"end":{"line":361,"column":7}}]},"41":{"line":397,"type":"if","locations":[{"start":{"line":397,"column":8},"end":{"line":397,"column":8}},{"start":{"line":397,"column":8},"end":{"line":397,"column":8}}]},"42":{"line":398,"type":"if","locations":[{"start":{"line":398,"column":8},"end":{"line":398,"column":8}},{"start":{"line":398,"column":8},"end":{"line":398,"column":8}}]},"43":{"line":399,"type":"if","locations":[{"start":{"line":399,"column":8},"end":{"line":399,"column":8}},{"start":{"line":399,"column":8},"end":{"line":399,"column":8}}]},"44":{"line":407,"type":"if","locations":[{"start":{"line":407,"column":8},"end":{"line":407,"column":8}},{"start":{"line":407,"column":8},"end":{"line":407,"column":8}}]}}},
"contracts/QuadPassportStore.sol":{"l":{},"path":"/home/morena/GitHub/LLM-MutationTesting/case_studies/quadrata/contracts/QuadPassportStore.sol","s":{},"b":{},"f":{},"fnMap":{},"statementMap":{},"branchMap":{}},
"contracts/test-contracts/DeFi.sol":{"l":{"14":486,"21":20,"22":20,"23":20,"24":20,"25":20,"26":20,"32":46,"33":46,"34":46,"38":2,"39":2,"40":2,"41":2,"42":2,"43":2,"44":2},"path":"/home/morena/GitHub/LLM-MutationTesting/case_studies/quadrata/contracts/test-contracts/DeFi.sol","s":{"1":20,"2":20,"3":20,"4":20,"5":20,"6":20,"7":46,"8":46,"9":46,"10":2,"11":2,"12":2,"13":2,"14":2,"15":2,"16":2},"b":{"1":[2,0]},"f":{"1":486,"2":20,"3":46,"4":2},"fnMap":{"1":{"name":"constructor","line":13,"loc":{"start":{"line":13,"column":4},"end":{"line":15,"column":4}}},"2":{"name":"doSomething","line":17,"loc":{"start":{"line":17,"column":4},"end":{"line":27,"column":4}}},"3":{"name":"doSomethingFree","line":29,"loc":{"start":{"line":29,"column":4},"end":{"line":35,"column":4}}},"4":{"name":"doSomethingETH","line":37,"loc":{"start":{"line":37,"column":4},"end":{"line":45,"column":4}}}},"statementMap":{"1":{"start":{"line":21,"column":8},"end":{"line":21,"column":89}},"2":{"start":{"line":22,"column":8},"end":{"line":22,"column":83}},"3":{"start":{"line":23,"column":8},"end":{"line":23,"column":70}},"4":{"start":{"line":24,"column":8},"end":{"line":24,"column":108}},"5":{"start":{"line":25,"column":8},"end":{"line":25,"column":48}},"6":{"start":{"line":26,"column":8},"end":{"line":26,"column":33}},"7":{"start":{"line":32,"column":8},"end":{"line":32,"column":97}},"8":{"start":{"line":33,"column":8},"end":{"line":33,"column":48}},"9":{"start":{"line":34,"column":8},"end":{"line":34,"column":33}},"10":{"start":{"line":38,"column":8},"end":{"line":38,"column":72}},"11":{"start":{"line":39,"column":8},"end":{"line":39,"column":67}},"12":{"start":{"line":40,"column":8},"end":{"line":40,"column":59}},"13":{"start":{"line":41,"column":8},"end":{"line":41,"column":62}},"14":{"start":{"line":42,"column":8},"end":{"line":42,"column":118}},"15":{"start":{"line":43,"column":8},"end":{"line":43,"column":48}},"16":{"start":{"line":44,"column":8},"end":{"line":44,"column":33}}},"branchMap":{"1":{"line":41,"type":"if","locations":[{"start":{"line":41,"column":8},"end":{"line":41,"column":8}},{"start":{"line":41,"column":8},"end":{"line":41,"column":8}}]}}},
"contracts/test-contracts/QuadGovernanceV2.sol":{"l":{"8":1},"path":"/home/morena/GitHub/LLM-MutationTesting/case_studies/quadrata/contracts/test-contracts/QuadGovernanceV2.sol","s":{"1":1},"b":{},"f":{"1":1},"fnMap":{"1":{"name":"getPriceETHV2","line":7,"loc":{"start":{"line":7,"column":4},"end":{"line":9,"column":4}}}},"statementMap":{"1":{"start":{"line":8,"column":8},"end":{"line":8,"column":19}}},"branchMap":{}},
"contracts/test-contracts/QuadPassportV2.sol":{"l":{"8":1},"path":"/home/morena/GitHub/LLM-MutationTesting/case_studies/quadrata/contracts/test-contracts/QuadPassportV2.sol","s":{"1":1},"b":{},"f":{"1":1},"fnMap":{"1":{"name":"foo","line":7,"loc":{"start":{"line":7,"column":4},"end":{"line":9,"column":4}}}},"statementMap":{"1":{"start":{"line":8,"column":8},"end":{"line":8,"column":19}}},"branchMap":{}},
"contracts/test-contracts/UniswapAnchoredView.sol":{"l":{"11":216,"12":173,"14":43},"path":"/home/morena/GitHub/LLM-MutationTesting/case_studies/quadrata/contracts/test-contracts/UniswapAnchoredView.sol","s":{"1":216,"2":173,"3":43},"b":{"1":[173,43]},"f":{"1":216},"fnMap":{"1":{"name":"price","line":10,"loc":{"start":{"line":10,"column":4},"end":{"line":16,"column":4}}}},"statementMap":{"1":{"start":{"line":11,"column":8},"end":{"line":11,"column":355}},"2":{"start":{"line":12,"column":12},"end":{"line":12,"column":29}},"3":{"start":{"line":14,"column":12},"end":{"line":14,"column":26}}},"branchMap":{"1":{"line":11,"type":"if","locations":[{"start":{"line":11,"column":8},"end":{"line":11,"column":8}},{"start":{"line":11,"column":8},"end":{"line":11,"column":8}}]}}},
"contracts/test-contracts/USDC.sol":{"l":{"8":504,"12":64},"path":"/home/morena/GitHub/LLM-MutationTesting/case_studies/quadrata/contracts/test-contracts/USDC.sol","s":{"1":504,"2":64},"b":{},"f":{"1":504,"2":64},"fnMap":{"1":{"name":"constructor","line":7,"loc":{"start":{"line":7,"column":4},"end":{"line":9,"column":4}}},"2":{"name":"decimals","line":11,"loc":{"start":{"line":11,"column":4},"end":{"line":13,"column":4}}}},"statementMap":{"1":{"start":{"line":8,"column":8},"end":{"line":8,"column":46}},"2":{"start":{"line":12,"column":8},"end":{"line":12,"column":16}}},"branchMap":{}}}
