TN:
SF:/home/morena/GitHub/LLM-MutationTesting/case_studies/quadrata/contracts/interfaces/IQuadPassport.sol
FNF:0
FNH:0
LF:0
LH:0
BRF:0
BRH:0
end_of_record
TN:
SF:/home/morena/GitHub/LLM-MutationTesting/case_studies/quadrata/contracts/interfaces/IUniswapAnchoredView.sol
FNF:0
FNH:0
LF:0
LH:0
BRF:0
BRH:0
end_of_record
TN:
SF:/home/morena/GitHub/LLM-MutationTesting/case_studies/quadrata/contracts/QuadGovernance.sol
FN:56,initialize
FN:88,setTreasury
FN:100,setPassportContractAddress
FN:113,updateGovernanceInPassport
FN:124,setPassportVersion
FN:136,setMintPrice
FN:149,setEligibleTokenId
FN:161,setEligibleAttribute
FN:185,setEligibleAttributeByDID
FN:197,setAttributePrice
FN:211,setAttributeMintPrice
FN:223,setOracle
FN:238,setRevSplitIssuer
FN:251,addIssuer
FN:266,allowTokenPayment
FN:287,getSupportedAttributesLength
FN:291,_authorizeUpgrade
FN:304,getPrice
FN:313,getPriceETH
FNF:19
FNH:19
FNDA:489,initialize
FNDA:166,setTreasury
FNDA:166,setPassportContractAddress
FNDA:8,updateGovernanceInPassport
FNDA:3,setPassportVersion
FNDA:5,setMintPrice
FNDA:5,setEligibleTokenId
FNDA:11,setEligibleAttribute
FNDA:6,setEligibleAttributeByDID
FNDA:4,setAttributePrice
FNDA:5,setAttributeMintPrice
FNDA:167,setOracle
FNDA:4,setRevSplitIssuer
FNDA:172,addIssuer
FNDA:167,allowTokenPayment
FNDA:18,getSupportedAttributesLength
FNDA:2,_authorizeUpgrade
FNDA:45,getPrice
FNDA:10,getPriceETH
DA:57,489
DA:59,489
DA:60,489
DA:63,489
DA:64,489
DA:65,489
DA:66,489
DA:67,489
DA:70,489
DA:71,489
DA:72,489
DA:73,489
DA:76,489
DA:79,489
DA:80,489
DA:81,489
DA:82,489
DA:89,166
DA:90,165
DA:91,164
DA:92,163
DA:93,163
DA:94,163
DA:101,166
DA:102,165
DA:103,164
DA:104,163
DA:105,163
DA:107,163
DA:114,8
DA:115,7
DA:116,6
DA:118,5
DA:125,3
DA:126,2
DA:128,1
DA:129,1
DA:130,1
DA:137,5
DA:138,4
DA:140,3
DA:141,3
DA:142,3
DA:150,5
DA:151,4
DA:153,3
DA:154,3
DA:162,11
DA:163,10
DA:165,9
DA:166,9
DA:167,2
DA:169,7
DA:170,13
DA:171,7
DA:172,7
DA:173,7
DA:177,9
DA:186,6
DA:187,5
DA:189,4
DA:190,4
DA:198,4
DA:199,3
DA:200,2
DA:201,2
DA:203,2
DA:212,5
DA:213,4
DA:214,3
DA:215,3
DA:217,3
DA:224,167
DA:225,166
DA:226,165
DA:228,164
DA:229,163
DA:230,163
DA:231,163
DA:239,4
DA:240,3
DA:241,2
DA:242,2
DA:244,2
DA:252,172
DA:253,171
DA:254,170
DA:256,169
DA:257,169
DA:259,169
DA:270,167
DA:271,166
DA:272,165
DA:276,164
DA:278,164
DA:280,163
DA:281,163
DA:288,18
DA:292,2
DA:305,45
DA:306,45
DA:307,43
DA:308,43
DA:314,10
DA:315,10
LF:105
LH:105
BRDA:56,1,0,489
BRDA:56,1,1,0
BRDA:57,2,0,489
BRDA:57,2,1,0
BRDA:89,3,0,165
BRDA:89,3,1,1
BRDA:90,4,0,164
BRDA:90,4,1,1
BRDA:91,5,0,163
BRDA:91,5,1,1
BRDA:101,6,0,165
BRDA:101,6,1,1
BRDA:102,7,0,164
BRDA:102,7,1,1
BRDA:103,8,0,163
BRDA:103,8,1,1
BRDA:114,9,0,7
BRDA:114,9,1,1
BRDA:115,10,0,6
BRDA:115,10,1,1
BRDA:116,11,0,5
BRDA:116,11,1,1
BRDA:125,12,0,2
BRDA:125,12,1,1
BRDA:126,13,0,1
BRDA:126,13,1,1
BRDA:137,14,0,4
BRDA:137,14,1,1
BRDA:138,15,0,3
BRDA:138,15,1,1
BRDA:150,16,0,4
BRDA:150,16,1,1
BRDA:151,17,0,3
BRDA:151,17,1,1
BRDA:162,18,0,10
BRDA:162,18,1,1
BRDA:163,19,0,9
BRDA:163,19,1,1
BRDA:166,20,0,2
BRDA:166,20,1,7
BRDA:170,21,0,7
BRDA:170,21,1,6
BRDA:186,22,0,5
BRDA:186,22,1,1
BRDA:187,23,0,4
BRDA:187,23,1,1
BRDA:198,24,0,3
BRDA:198,24,1,1
BRDA:199,25,0,2
BRDA:199,25,1,1
BRDA:212,26,0,4
BRDA:212,26,1,1
BRDA:213,27,0,3
BRDA:213,27,1,1
BRDA:224,28,0,166
BRDA:224,28,1,1
BRDA:225,29,0,165
BRDA:225,29,1,1
BRDA:226,30,0,164
BRDA:226,30,1,1
BRDA:239,31,0,3
BRDA:239,31,1,1
BRDA:240,32,0,2
BRDA:240,32,1,1
BRDA:252,33,0,171
BRDA:252,33,1,1
BRDA:253,34,0,170
BRDA:253,34,1,1
BRDA:254,35,0,169
BRDA:254,35,1,1
BRDA:270,36,0,166
BRDA:270,36,1,1
BRDA:271,37,0,165
BRDA:271,37,1,1
BRDA:272,38,0,164
BRDA:272,38,1,1
BRDA:292,39,0,1
BRDA:292,39,1,1
BRDA:305,40,0,45
BRDA:305,40,1,0
BRDA:306,41,0,43
BRDA:306,41,1,2
BRDA:314,42,0,10
BRDA:314,42,1,0
BRF:84
BRH:80
end_of_record
TN:
SF:/home/morena/GitHub/LLM-MutationTesting/case_studies/quadrata/contracts/QuadPassport.sol
FN:24,initialize
FN:38,mintPassport
FN:69,setAttribute
FN:91,setAttributeIssuer
FN:102,_setAttributeInternal
FN:138,burnPassport
FN:154,burnPassportIssuer
FN:173,getAttributeETH
FN:188,getAttributeFree
FN:204,getAttribute
FN:215,_getAttributeInternal
FN:241,getPassportSignature
FN:248,_verifyIssuerMint
FN:267,_verifyIssuerSetAttr
FN:286,_beforeTokenTransfer
FN:302,supportsInterface
FN:306,_doETHPayment
FN:323,_doTokenPayment
FN:345,withdrawETH
FN:358,withdrawToken
FN:372,calculatePaymentToken
FN:386,calculatePaymentETH
FN:396,setGovernance
FN:406,_authorizeUpgrade
FNF:24
FNH:22
FNDA:486,initialize
FNDA:107,mintPassport
FNDA:20,setAttribute
FNDA:9,setAttributeIssuer
FNDA:20,_setAttributeInternal
FNDA:4,burnPassport
FNDA:5,burnPassportIssuer
FNDA:11,getAttributeETH
FNDA:97,getAttributeFree
FNDA:32,getAttribute
FNDA:139,_getAttributeInternal
FNDA:0,getPassportSignature
FNDA:103,_verifyIssuerMint
FNDA:19,_verifyIssuerSetAttr
FNDA:100,_beforeTokenTransfer
FNDA:0,supportsInterface
FNDA:5,_doETHPayment
FNDA:20,_doTokenPayment
FNDA:63,withdrawETH
FNDA:92,withdrawToken
FNDA:46,calculatePaymentToken
FNDA:11,calculatePaymentETH
FNDA:7,setGovernance
FNDA:2,_authorizeUpgrade
DA:25,486
DA:26,486
DA:27,486
DA:46,107
DA:47,106
DA:48,105
DA:50,103
DA:52,96
DA:53,96
DA:54,96
DA:55,96
DA:56,96
DA:57,96
DA:58,96
DA:59,96
DA:76,20
DA:77,19
DA:79,12
DA:80,12
DA:81,12
DA:98,9
DA:99,8
DA:110,20
DA:111,18
DA:112,16
DA:113,14
DA:117,12
DA:118,6
DA:125,6
DA:126,6
DA:127,6
DA:141,4
DA:142,2
DA:144,2
DA:145,4
DA:146,4
DA:158,5
DA:159,4
DA:160,2
DA:162,2
DA:163,4
DA:164,4
DA:178,11
DA:179,5
DA:180,2
DA:193,97
DA:194,96
DA:195,90
DA:210,32
DA:211,20
DA:212,20
DA:220,139
DA:221,136
DA:222,133
DA:223,121
DA:228,115
DA:229,70
DA:233,45
DA:234,45
DA:235,45
DA:244,0
DA:245,0
DA:257,103
DA:258,103
DA:260,103
DA:261,103
DA:262,103
DA:264,96
DA:275,19
DA:277,19
DA:279,18
DA:280,18
DA:281,18
DA:283,12
DA:294,100
DA:299,100
DA:303,0
DA:310,5
DA:311,5
DA:312,5
DA:316,2
DA:317,2
DA:318,2
DA:319,2
DA:328,20
DA:329,20
DA:330,19
DA:331,19
DA:335,19
DA:336,19
DA:337,19
DA:338,19
DA:346,63
DA:347,62
DA:348,62
DA:349,51
DA:350,51
DA:351,51
DA:359,92
DA:360,91
DA:361,91
DA:362,47
DA:363,47
DA:364,47
DA:365,47
DA:376,46
DA:377,46
DA:379,43
DA:380,43
DA:389,11
DA:390,10
DA:391,10
DA:397,7
DA:398,5
DA:399,4
DA:400,4
DA:401,4
DA:403,4
DA:407,2
LF:119
LH:116
BRDA:24,1,0,486
BRDA:24,1,1,0
BRDA:25,2,0,486
BRDA:25,2,1,0
BRDA:46,3,0,106
BRDA:46,3,1,1
BRDA:47,4,0,105
BRDA:47,4,1,1
BRDA:48,5,0,103
BRDA:48,5,1,2
BRDA:76,6,0,19
BRDA:76,6,1,1
BRDA:98,7,0,8
BRDA:98,7,1,1
BRDA:110,8,0,18
BRDA:110,8,1,2
BRDA:111,9,0,16
BRDA:111,9,1,2
BRDA:112,10,0,14
BRDA:112,10,1,2
BRDA:113,11,0,12
BRDA:113,11,1,2
BRDA:113,12,0,6
BRDA:113,12,1,6
BRDA:117,13,0,6
BRDA:117,13,1,6
BRDA:126,14,0,6
BRDA:126,14,1,0
BRDA:141,15,0,2
BRDA:141,15,1,2
BRDA:158,16,0,4
BRDA:158,16,1,1
BRDA:159,17,0,2
BRDA:159,17,1,2
BRDA:193,18,0,96
BRDA:193,18,1,1
BRDA:220,19,0,136
BRDA:220,19,1,3
BRDA:221,20,0,133
BRDA:221,20,1,3
BRDA:222,21,0,121
BRDA:222,21,1,12
BRDA:223,22,0,115
BRDA:223,22,1,6
BRDA:223,23,0,70
BRDA:223,23,1,45
BRDA:228,24,0,70
BRDA:228,24,1,45
BRDA:234,25,0,45
BRDA:234,25,1,0
BRDA:244,26,0,0
BRDA:244,26,1,0
BRDA:258,27,0,103
BRDA:258,27,1,0
BRDA:262,28,0,96
BRDA:262,28,1,7
BRDA:277,29,0,18
BRDA:277,29,1,1
BRDA:281,30,0,12
BRDA:281,30,1,6
BRDA:294,31,0,100
BRDA:294,31,1,0
BRDA:295,32,0,96
BRDA:295,32,1,4
BRDA:311,33,0,5
BRDA:311,33,1,0
BRDA:312,34,0,2
BRDA:312,34,1,3
BRDA:329,35,0,19
BRDA:329,35,1,1
BRDA:331,36,0,19
BRDA:331,36,1,0
BRDA:346,37,0,62
BRDA:346,37,1,1
BRDA:348,38,0,51
BRDA:348,38,1,11
BRDA:359,39,0,91
BRDA:359,39,1,1
BRDA:361,40,0,47
BRDA:361,40,1,44
BRDA:397,41,0,5
BRDA:397,41,1,2
BRDA:398,42,0,4
BRDA:398,42,1,1
BRDA:399,43,0,4
BRDA:399,43,1,0
BRDA:407,44,0,1
BRDA:407,44,1,1
BRF:88
BRH:77
end_of_record
TN:
SF:/home/morena/GitHub/LLM-MutationTesting/case_studies/quadrata/contracts/QuadPassportStore.sol
FNF:0
FNH:0
LF:0
LH:0
BRF:0
BRH:0
end_of_record
TN:
SF:/home/morena/GitHub/LLM-MutationTesting/case_studies/quadrata/contracts/test-contracts/DeFi.sol
FN:13,constructor
FN:17,doSomething
FN:29,doSomethingFree
FN:37,doSomethingETH
FNF:4
FNH:4
FNDA:486,constructor
FNDA:20,doSomething
FNDA:46,doSomethingFree
FNDA:2,doSomethingETH
DA:14,486
DA:21,20
DA:22,20
DA:23,20
DA:24,20
DA:25,20
DA:26,20
DA:32,46
DA:33,46
DA:34,46
DA:38,2
DA:39,2
DA:40,2
DA:41,2
DA:42,2
DA:43,2
DA:44,2
LF:17
LH:17
BRDA:41,1,0,2
BRDA:41,1,1,0
BRF:2
BRH:1
end_of_record
TN:
SF:/home/morena/GitHub/LLM-MutationTesting/case_studies/quadrata/contracts/test-contracts/QuadGovernanceV2.sol
FN:7,getPriceETHV2
FNF:1
FNH:1
FNDA:1,getPriceETHV2
DA:8,1
LF:1
LH:1
BRF:0
BRH:0
end_of_record
TN:
SF:/home/morena/GitHub/LLM-MutationTesting/case_studies/quadrata/contracts/test-contracts/QuadPassportV2.sol
FN:7,foo
FNF:1
FNH:1
FNDA:1,foo
DA:8,1
LF:1
LH:1
BRF:0
BRH:0
end_of_record
TN:
SF:/home/morena/GitHub/LLM-MutationTesting/case_studies/quadrata/contracts/test-contracts/UniswapAnchoredView.sol
FN:10,price
FNF:1
FNH:1
FNDA:216,price
DA:11,216
DA:12,173
DA:14,43
LF:3
LH:3
BRDA:11,1,0,173
BRDA:11,1,1,43
BRF:2
BRH:2
end_of_record
TN:
SF:/home/morena/GitHub/LLM-MutationTesting/case_studies/quadrata/contracts/test-contracts/USDC.sol
FN:7,constructor
FN:11,decimals
FNF:2
FNH:2
FNDA:504,constructor
FNDA:64,decimals
DA:8,504
DA:12,64
LF:2
LH:2
BRF:0
BRH:0
end_of_record
