{
"contracts/ERC20AdminUpgradeable.sol":{"l":{"24":0,"25":0,"26":0,"27":0,"31":50,"35":59,"36":59,"40":0,"46":4,"47":4,"48":4,"52":5,"56":3,"60":41,"66":1,"70":1,"76":22,"77":21,"78":20,"80":19,"81":17,"85":1,"86":1,"87":1},"path":"/home/morena/GitHub/CodeArena Projects/2025-01-next-generation/contracts/ERC20AdminUpgradeable.sol","s":{"1":0,"2":0,"3":0,"4":0,"5":50,"6":59,"7":59,"8":0,"9":4,"10":4,"11":5,"12":3,"13":41,"14":1,"15":1,"16":22,"17":21,"18":20,"19":19,"20":17,"21":1,"22":1,"23":1},"b":{"1":[0,0],"2":[50,0],"3":[59,2],"4":[4,4],"5":[0,4],"6":[1,2],"7":[1,2],"8":[21,1],"9":[1,20],"10":[2,18],"11":[2,17],"12":[0,17],"13":[1,2]},"f":{"1":0,"2":50,"3":59,"4":0,"5":4,"6":5,"7":3,"8":41,"9":1,"10":1,"11":22,"12":1},"fnMap":{"1":{"name":"__ERC20Admin_init","line":23,"loc":{"start":{"line":23,"column":4},"end":{"line":28,"column":4}}},"2":{"name":"__ERC20Admin_init_unchained","line":30,"loc":{"start":{"line":30,"column":4},"end":{"line":32,"column":4}}},"3":{"name":"setAdministrator","line":34,"loc":{"start":{"line":34,"column":4},"end":{"line":37,"column":4}}},"4":{"name":"isAdministrator","line":39,"loc":{"start":{"line":39,"column":4},"end":{"line":41,"column":4}}},"5":{"name":"setBlacklist","line":45,"loc":{"start":{"line":45,"column":4},"end":{"line":49,"column":4}}},"6":{"name":"blacklist","line":51,"loc":{"start":{"line":51,"column":4},"end":{"line":53,"column":4}}},"7":{"name":"unblacklist","line":55,"loc":{"start":{"line":55,"column":4},"end":{"line":57,"column":4}}},"8":{"name":"isBlacklisted","line":59,"loc":{"start":{"line":59,"column":4},"end":{"line":61,"column":4}}},"9":{"name":"pause","line":65,"loc":{"start":{"line":65,"column":4},"end":{"line":67,"column":4}}},"10":{"name":"unpause","line":69,"loc":{"start":{"line":69,"column":4},"end":{"line":71,"column":4}}},"11":{"name":"adminSanity","line":75,"loc":{"start":{"line":75,"column":4},"end":{"line":82,"column":4}}},"12":{"name":"forceTransfer","line":84,"loc":{"start":{"line":84,"column":4},"end":{"line":88,"column":4}}}},"statementMap":{"1":{"start":{"line":24,"column":8},"end":{"line":24,"column":33}},"2":{"start":{"line":25,"column":8},"end":{"line":25,"column":24}},"3":{"start":{"line":26,"column":8},"end":{"line":26,"column":39}},"4":{"start":{"line":27,"column":8},"end":{"line":27,"column":36}},"5":{"start":{"line":31,"column":8},"end":{"line":31,"column":36}},"6":{"start":{"line":35,"column":8},"end":{"line":35,"column":49}},"7":{"start":{"line":36,"column":8},"end":{"line":36,"column":33}},"8":{"start":{"line":40,"column":8},"end":{"line":40,"column":38}},"9":{"start":{"line":46,"column":8},"end":{"line":46,"column":100}},"10":{"start":{"line":48,"column":8},"end":{"line":48,"column":46}},"11":{"start":{"line":52,"column":8},"end":{"line":52,"column":34}},"12":{"start":{"line":56,"column":8},"end":{"line":56,"column":35}},"13":{"start":{"line":60,"column":8},"end":{"line":60,"column":34}},"14":{"start":{"line":66,"column":8},"end":{"line":66,"column":15}},"15":{"start":{"line":70,"column":8},"end":{"line":70,"column":17}},"16":{"start":{"line":76,"column":8},"end":{"line":76,"column":2659}},"17":{"start":{"line":77,"column":12},"end":{"line":77,"column":46}},"18":{"start":{"line":78,"column":12},"end":{"line":78,"column":72}},"19":{"start":{"line":80,"column":8},"end":{"line":80,"column":67}},"20":{"start":{"line":81,"column":8},"end":{"line":81,"column":65}},"21":{"start":{"line":85,"column":8},"end":{"line":85,"column":28}},"22":{"start":{"line":86,"column":8},"end":{"line":86,"column":32}},"23":{"start":{"line":87,"column":8},"end":{"line":87,"column":45}}},"branchMap":{"1":{"line":23,"type":"if","locations":[{"start":{"line":23,"column":82},"end":{"line":23,"column":82}},{"start":{"line":23,"column":82},"end":{"line":23,"column":82}}]},"2":{"line":30,"type":"if","locations":[{"start":{"line":30,"column":52},"end":{"line":30,"column":52}},{"start":{"line":30,"column":52},"end":{"line":30,"column":52}}]},"3":{"line":34,"type":"if","locations":[{"start":{"line":34,"column":57},"end":{"line":34,"column":57}},{"start":{"line":34,"column":57},"end":{"line":34,"column":57}}]},"4":{"line":45,"type":"if","locations":[{"start":{"line":45,"column":70},"end":{"line":45,"column":70}},{"start":{"line":45,"column":70},"end":{"line":45,"column":70}}]},"5":{"line":46,"type":"if","locations":[{"start":{"line":46,"column":8},"end":{"line":46,"column":8}},{"start":{"line":46,"column":8},"end":{"line":46,"column":8}}]},"6":{"line":65,"type":"if","locations":[{"start":{"line":65,"column":30},"end":{"line":65,"column":30}},{"start":{"line":65,"column":30},"end":{"line":65,"column":30}}]},"7":{"line":69,"type":"if","locations":[{"start":{"line":69,"column":32},"end":{"line":69,"column":32}},{"start":{"line":69,"column":32},"end":{"line":69,"column":32}}]},"8":{"line":76,"type":"if","locations":[{"start":{"line":76,"column":8},"end":{"line":76,"column":8}},{"start":{"line":76,"column":8},"end":{"line":76,"column":8}}]},"9":{"line":77,"type":"if","locations":[{"start":{"line":77,"column":12},"end":{"line":77,"column":12}},{"start":{"line":77,"column":12},"end":{"line":77,"column":12}}]},"10":{"line":78,"type":"if","locations":[{"start":{"line":78,"column":12},"end":{"line":78,"column":12}},{"start":{"line":78,"column":12},"end":{"line":78,"column":12}}]},"11":{"line":80,"type":"if","locations":[{"start":{"line":80,"column":8},"end":{"line":80,"column":8}},{"start":{"line":80,"column":8},"end":{"line":80,"column":8}}]},"12":{"line":81,"type":"if","locations":[{"start":{"line":81,"column":8},"end":{"line":81,"column":8}},{"start":{"line":81,"column":8},"end":{"line":81,"column":8}}]},"13":{"line":84,"type":"if","locations":[{"start":{"line":84,"column":78},"end":{"line":84,"column":78}},{"start":{"line":84,"column":78},"end":{"line":84,"column":78}}]}}},
"contracts/ERC20ControlerMinterUpgradeable.sol":{"l":{"32":0,"33":0,"34":0,"38":50,"39":50,"41":50,"42":50,"48":0,"52":0,"56":0,"65":11,"66":6,"67":5,"68":5,"70":5,"71":1,"72":4,"73":4,"75":9,"83":3,"89":44,"90":44,"91":44,"92":44,"93":44,"94":44,"98":0,"107":10,"108":10,"109":7,"117":4,"118":4,"119":1,"131":1,"132":1,"133":1,"137":4,"147":70,"148":4,"149":66,"150":66,"153":65,"154":4,"155":4,"156":3,"159":64,"160":64,"170":7,"171":3,"172":4,"173":3,"174":2},"path":"/home/morena/GitHub/CodeArena Projects/2025-01-next-generation/contracts/ERC20ControlerMinterUpgradeable.sol","s":{"1":0,"2":0,"3":0,"4":50,"5":50,"6":0,"7":0,"8":0,"9":11,"10":6,"11":5,"12":9,"13":3,"14":44,"15":44,"16":44,"17":44,"18":44,"19":44,"20":0,"21":10,"22":7,"23":4,"24":1,"25":1,"26":1,"27":4,"28":70,"29":66,"30":66,"31":65,"32":4,"33":4,"34":64,"35":64,"36":7,"37":4,"38":3,"39":2},"b":{"1":[0,0],"2":[50,0],"3":[6,5],"4":[1,5],"5":[1,4],"6":[0,44],"7":[1,3],"8":[0,1],"9":[4,66],"10":[0,66],"11":[1,65],"12":[4,61],"13":[1,3],"14":[3,4],"15":[1,3]},"f":{"1":0,"2":50,"3":0,"4":0,"5":0,"6":11,"7":3,"8":44,"9":0,"10":10,"11":4,"12":1,"13":4,"14":70,"15":7},"fnMap":{"1":{"name":"__ERC20ControlerMinter_init","line":31,"loc":{"start":{"line":31,"column":4},"end":{"line":35,"column":4}}},"2":{"name":"__ERC20ControlerMinter_init_unchained","line":37,"loc":{"start":{"line":37,"column":4},"end":{"line":43,"column":4}}},"3":{"name":"addController","line":47,"loc":{"start":{"line":47,"column":4},"end":{"line":49,"column":4}}},"4":{"name":"removeController","line":51,"loc":{"start":{"line":51,"column":4},"end":{"line":53,"column":4}}},"5":{"name":"isController","line":55,"loc":{"start":{"line":55,"column":4},"end":{"line":57,"column":4}}},"6":{"name":"safetySwitch","line":64,"loc":{"start":{"line":64,"column":4},"end":{"line":76,"column":4}}},"7":{"name":"isOperating","line":82,"loc":{"start":{"line":82,"column":4},"end":{"line":84,"column":4}}},"8":{"name":"setMasterMinter","line":88,"loc":{"start":{"line":88,"column":4},"end":{"line":95,"column":4}}},"9":{"name":"isMasterMinter","line":97,"loc":{"start":{"line":97,"column":4},"end":{"line":99,"column":4}}},"10":{"name":"addMinter","line":106,"loc":{"start":{"line":106,"column":4},"end":{"line":110,"column":4}}},"11":{"name":"removeMinter","line":116,"loc":{"start":{"line":116,"column":4},"end":{"line":120,"column":4}}},"12":{"name":"updateMintingAllowance","line":130,"loc":{"start":{"line":127,"column":4},"end":{"line":134,"column":4}}},"13":{"name":"getMinterAllowance","line":136,"loc":{"start":{"line":136,"column":4},"end":{"line":138,"column":4}}},"14":{"name":"mint","line":146,"loc":{"start":{"line":146,"column":4},"end":{"line":161,"column":4}}},"15":{"name":"burn","line":169,"loc":{"start":{"line":169,"column":4},"end":{"line":175,"column":4}}}},"statementMap":{"1":{"start":{"line":32,"column":8},"end":{"line":32,"column":33}},"2":{"start":{"line":33,"column":8},"end":{"line":33,"column":39}},"3":{"start":{"line":34,"column":8},"end":{"line":34,"column":46}},"4":{"start":{"line":38,"column":8},"end":{"line":38,"column":48}},"5":{"start":{"line":39,"column":8},"end":{"line":39,"column":44}},"6":{"start":{"line":48,"column":8},"end":{"line":48,"column":43}},"7":{"start":{"line":52,"column":8},"end":{"line":52,"column":41}},"8":{"start":{"line":56,"column":8},"end":{"line":56,"column":43}},"9":{"start":{"line":65,"column":8},"end":{"line":65,"column":2575}},"10":{"start":{"line":66,"column":12},"end":{"line":66,"column":86}},"11":{"start":{"line":70,"column":12},"end":{"line":70,"column":2846}},"12":{"start":{"line":75,"column":8},"end":{"line":75,"column":59}},"13":{"start":{"line":83,"column":8},"end":{"line":83,"column":49}},"14":{"start":{"line":89,"column":8},"end":{"line":89,"column":68}},"15":{"start":{"line":90,"column":8},"end":{"line":90,"column":94}},"16":{"start":{"line":91,"column":8},"end":{"line":91,"column":52}},"17":{"start":{"line":92,"column":8},"end":{"line":92,"column":58}},"18":{"start":{"line":93,"column":8},"end":{"line":93,"column":48}},"19":{"start":{"line":94,"column":8},"end":{"line":94,"column":71}},"20":{"start":{"line":98,"column":8},"end":{"line":98,"column":46}},"21":{"start":{"line":108,"column":8},"end":{"line":108,"column":37}},"22":{"start":{"line":109,"column":8},"end":{"line":109,"column":64}},"23":{"start":{"line":118,"column":8},"end":{"line":118,"column":38}},"24":{"start":{"line":119,"column":8},"end":{"line":119,"column":46}},"25":{"start":{"line":131,"column":8},"end":{"line":131,"column":67}},"26":{"start":{"line":133,"column":8},"end":{"line":133,"column":64}},"27":{"start":{"line":137,"column":8},"end":{"line":137,"column":36}},"28":{"start":{"line":147,"column":8},"end":{"line":147,"column":5857}},"29":{"start":{"line":149,"column":8},"end":{"line":149,"column":53}},"30":{"start":{"line":150,"column":8},"end":{"line":150,"column":47}},"31":{"start":{"line":153,"column":8},"end":{"line":153,"column":6106}},"32":{"start":{"line":154,"column":12},"end":{"line":154,"column":70}},"33":{"start":{"line":155,"column":12},"end":{"line":155,"column":112}},"34":{"start":{"line":159,"column":8},"end":{"line":159,"column":24}},"35":{"start":{"line":160,"column":8},"end":{"line":160,"column":43}},"36":{"start":{"line":170,"column":8},"end":{"line":170,"column":6872}},"37":{"start":{"line":172,"column":8},"end":{"line":172,"column":47}},"38":{"start":{"line":173,"column":8},"end":{"line":173,"column":34}},"39":{"start":{"line":174,"column":8},"end":{"line":174,"column":39}}},"branchMap":{"1":{"line":31,"type":"if","locations":[{"start":{"line":31,"column":90},"end":{"line":31,"column":90}},{"start":{"line":31,"column":90},"end":{"line":31,"column":90}}]},"2":{"line":37,"type":"if","locations":[{"start":{"line":37,"column":62},"end":{"line":37,"column":62}},{"start":{"line":37,"column":62},"end":{"line":37,"column":62}}]},"3":{"line":65,"type":"if","locations":[{"start":{"line":65,"column":8},"end":{"line":65,"column":8}},{"start":{"line":65,"column":8},"end":{"line":65,"column":8}}]},"4":{"line":66,"type":"if","locations":[{"start":{"line":66,"column":12},"end":{"line":66,"column":12}},{"start":{"line":66,"column":12},"end":{"line":66,"column":12}}]},"5":{"line":70,"type":"if","locations":[{"start":{"line":70,"column":12},"end":{"line":70,"column":12}},{"start":{"line":70,"column":12},"end":{"line":70,"column":12}}]},"6":{"line":90,"type":"if","locations":[{"start":{"line":90,"column":8},"end":{"line":90,"column":8}},{"start":{"line":90,"column":8},"end":{"line":90,"column":8}}]},"7":{"line":130,"type":"if","locations":[{"start":{"line":130,"column":23},"end":{"line":130,"column":23}},{"start":{"line":130,"column":23},"end":{"line":130,"column":23}}]},"8":{"line":131,"type":"if","locations":[{"start":{"line":131,"column":8},"end":{"line":131,"column":8}},{"start":{"line":131,"column":8},"end":{"line":131,"column":8}}]},"9":{"line":147,"type":"if","locations":[{"start":{"line":147,"column":8},"end":{"line":147,"column":8}},{"start":{"line":147,"column":8},"end":{"line":147,"column":8}}]},"10":{"line":149,"type":"if","locations":[{"start":{"line":149,"column":8},"end":{"line":149,"column":8}},{"start":{"line":149,"column":8},"end":{"line":149,"column":8}}]},"11":{"line":150,"type":"if","locations":[{"start":{"line":150,"column":8},"end":{"line":150,"column":8}},{"start":{"line":150,"column":8},"end":{"line":150,"column":8}}]},"12":{"line":153,"type":"if","locations":[{"start":{"line":153,"column":8},"end":{"line":153,"column":8}},{"start":{"line":153,"column":8},"end":{"line":153,"column":8}}]},"13":{"line":155,"type":"if","locations":[{"start":{"line":155,"column":12},"end":{"line":155,"column":12}},{"start":{"line":155,"column":12},"end":{"line":155,"column":12}}]},"14":{"line":170,"type":"if","locations":[{"start":{"line":170,"column":8},"end":{"line":170,"column":8}},{"start":{"line":170,"column":8},"end":{"line":170,"column":8}}]},"15":{"line":172,"type":"if","locations":[{"start":{"line":172,"column":8},"end":{"line":172,"column":8}},{"start":{"line":172,"column":8},"end":{"line":172,"column":8}}]}}},
"contracts/ERC20MetaTxUpgradeable.sol":{"l":{"30":0,"31":0,"32":0,"36":50,"39":50,"42":50,"57":4,"59":4,"61":4,"63":4,"64":4,"66":2,"81":4,"83":4,"85":4,"87":4,"88":4,"90":2,"92":2,"99":15,"107":0,"115":8,"116":8,"124":9,"125":9,"126":9,"134":1038,"138":1034,"139":12,"143":1022,"148":0,"149":0,"151":0},"path":"/home/morena/GitHub/CodeArena Projects/2025-01-next-generation/contracts/ERC20MetaTxUpgradeable.sol","s":{"1":0,"2":0,"3":0,"4":4,"5":4,"6":4,"7":4,"8":4,"9":2,"10":4,"11":4,"12":4,"13":4,"14":4,"15":2,"16":2,"17":15,"18":0,"19":9,"20":9,"21":1038,"22":1034,"23":1022,"24":0,"25":0,"26":0},"b":{"1":[0,0],"2":[50,0],"3":[0,4],"4":[2,2],"5":[0,4],"6":[2,2],"7":[0,9],"8":[12,1022],"9":[0,0]},"f":{"1":0,"2":50,"3":4,"4":4,"5":15,"6":0,"7":8,"8":9,"9":1038,"10":1034,"11":0},"fnMap":{"1":{"name":"__ERC20MetaTx_init","line":29,"loc":{"start":{"line":29,"column":4},"end":{"line":33,"column":4}}},"2":{"name":"__ERC20MetaTx_init_unchained","line":35,"loc":{"start":{"line":35,"column":4},"end":{"line":43,"column":4}}},"3":{"name":"permit","line":48,"loc":{"start":{"line":48,"column":4},"end":{"line":67,"column":4}}},"4":{"name":"transferWithAuthorization","line":72,"loc":{"start":{"line":72,"column":4},"end":{"line":93,"column":4}}},"5":{"name":"nonce","line":98,"loc":{"start":{"line":98,"column":4},"end":{"line":100,"column":4}}},"6":{"name":"DOMAIN_SEPARATOR","line":106,"loc":{"start":{"line":106,"column":4},"end":{"line":108,"column":4}}},"7":{"name":"_useNonce","line":114,"loc":{"start":{"line":114,"column":4},"end":{"line":117,"column":4}}},"8":{"name":"setTrustedForwarder","line":123,"loc":{"start":{"line":123,"column":4},"end":{"line":127,"column":4}}},"9":{"name":"isTrustedForwarder","line":133,"loc":{"start":{"line":133,"column":4},"end":{"line":135,"column":4}}},"10":{"name":"_msgSender","line":137,"loc":{"start":{"line":137,"column":4},"end":{"line":145,"column":4}}},"11":{"name":"_msgData","line":147,"loc":{"start":{"line":147,"column":4},"end":{"line":153,"column":4}}}},"statementMap":{"1":{"start":{"line":30,"column":8},"end":{"line":30,"column":33}},"2":{"start":{"line":31,"column":8},"end":{"line":31,"column":41}},"3":{"start":{"line":32,"column":8},"end":{"line":32,"column":37}},"4":{"start":{"line":57,"column":8},"end":{"line":57,"column":72}},"5":{"start":{"line":59,"column":8},"end":{"line":59,"column":119}},"6":{"start":{"line":61,"column":8},"end":{"line":61,"column":51}},"7":{"start":{"line":63,"column":8},"end":{"line":63,"column":53}},"8":{"start":{"line":64,"column":8},"end":{"line":64,"column":54}},"9":{"start":{"line":66,"column":8},"end":{"line":66,"column":38}},"10":{"start":{"line":81,"column":8},"end":{"line":81,"column":72}},"11":{"start":{"line":83,"column":8},"end":{"line":83,"column":118}},"12":{"start":{"line":85,"column":8},"end":{"line":85,"column":51}},"13":{"start":{"line":87,"column":8},"end":{"line":87,"column":53}},"14":{"start":{"line":88,"column":8},"end":{"line":88,"column":55}},"15":{"start":{"line":90,"column":8},"end":{"line":90,"column":38}},"16":{"start":{"line":92,"column":8},"end":{"line":92,"column":19}},"17":{"start":{"line":99,"column":8},"end":{"line":99,"column":29}},"18":{"start":{"line":107,"column":8},"end":{"line":107,"column":35}},"19":{"start":{"line":124,"column":8},"end":{"line":124,"column":71}},"20":{"start":{"line":126,"column":8},"end":{"line":126,"column":55}},"21":{"start":{"line":134,"column":8},"end":{"line":134,"column":45}},"22":{"start":{"line":138,"column":8},"end":{"line":138,"column":4484}},"23":{"start":{"line":143,"column":12},"end":{"line":143,"column":37}},"24":{"start":{"line":148,"column":8},"end":{"line":148,"column":4795}},"25":{"start":{"line":149,"column":12},"end":{"line":149,"column":50}},"26":{"start":{"line":151,"column":12},"end":{"line":151,"column":35}}},"branchMap":{"1":{"line":29,"type":"if","locations":[{"start":{"line":29,"column":61},"end":{"line":29,"column":61}},{"start":{"line":29,"column":61},"end":{"line":29,"column":61}}]},"2":{"line":35,"type":"if","locations":[{"start":{"line":35,"column":53},"end":{"line":35,"column":53}},{"start":{"line":35,"column":53},"end":{"line":35,"column":53}}]},"3":{"line":57,"type":"if","locations":[{"start":{"line":57,"column":8},"end":{"line":57,"column":8}},{"start":{"line":57,"column":8},"end":{"line":57,"column":8}}]},"4":{"line":64,"type":"if","locations":[{"start":{"line":64,"column":8},"end":{"line":64,"column":8}},{"start":{"line":64,"column":8},"end":{"line":64,"column":8}}]},"5":{"line":81,"type":"if","locations":[{"start":{"line":81,"column":8},"end":{"line":81,"column":8}},{"start":{"line":81,"column":8},"end":{"line":81,"column":8}}]},"6":{"line":88,"type":"if","locations":[{"start":{"line":88,"column":8},"end":{"line":88,"column":8}},{"start":{"line":88,"column":8},"end":{"line":88,"column":8}}]},"7":{"line":124,"type":"if","locations":[{"start":{"line":124,"column":8},"end":{"line":124,"column":8}},{"start":{"line":124,"column":8},"end":{"line":124,"column":8}}]},"8":{"line":138,"type":"if","locations":[{"start":{"line":138,"column":8},"end":{"line":138,"column":8}},{"start":{"line":138,"column":8},"end":{"line":138,"column":8}}]},"9":{"line":148,"type":"if","locations":[{"start":{"line":148,"column":8},"end":{"line":148,"column":8}},{"start":{"line":148,"column":8},"end":{"line":148,"column":8}}]}}},
"contracts/FeesHandlerUpgradeable.sol":{"l":{"24":2,"25":2,"29":1,"30":1,"31":1,"35":2,"36":2,"37":2,"41":1,"45":0,"53":1},"path":"/home/morena/GitHub/CodeArena Projects/2025-01-next-generation/contracts/FeesHandlerUpgradeable.sol","s":{"1":2,"2":1,"3":1,"4":2,"5":2,"6":1,"7":0,"8":1},"b":{"1":[0,1],"2":[0,0],"3":[0,2]},"f":{"1":2,"2":1,"3":2,"4":1,"5":0,"6":1},"fnMap":{"1":{"name":"setFeeFaucet","line":23,"loc":{"start":{"line":23,"column":4},"end":{"line":26,"column":4}}},"2":{"name":"setTxFeeRate","line":28,"loc":{"start":{"line":28,"column":4},"end":{"line":32,"column":4}}},"3":{"name":"setGaslessBasefee","line":34,"loc":{"start":{"line":34,"column":4},"end":{"line":38,"column":4}}},"4":{"name":"getTxFeeRate","line":40,"loc":{"start":{"line":40,"column":4},"end":{"line":42,"column":4}}},"5":{"name":"getGaslessBasefee","line":44,"loc":{"start":{"line":44,"column":4},"end":{"line":46,"column":4}}},"6":{"name":"calculateTxFee","line":52,"loc":{"start":{"line":52,"column":4},"end":{"line":54,"column":4}}}},"statementMap":{"1":{"start":{"line":25,"column":8},"end":{"line":25,"column":43}},"2":{"start":{"line":29,"column":8},"end":{"line":29,"column":104}},"3":{"start":{"line":31,"column":8},"end":{"line":31,"column":43}},"4":{"start":{"line":35,"column":8},"end":{"line":35,"column":59}},"5":{"start":{"line":37,"column":8},"end":{"line":37,"column":53}},"6":{"start":{"line":41,"column":8},"end":{"line":41,"column":25}},"7":{"start":{"line":45,"column":8},"end":{"line":45,"column":30}},"8":{"start":{"line":53,"column":8},"end":{"line":53,"column":50}}},"branchMap":{"1":{"line":29,"type":"if","locations":[{"start":{"line":29,"column":8},"end":{"line":29,"column":8}},{"start":{"line":29,"column":8},"end":{"line":29,"column":8}}]},"2":{"line":29,"type":"cond-expr","locations":[{"start":{"line":29,"column":12},"end":{"line":29,"column":35}},{"start":{"line":29,"column":40},"end":{"line":29,"column":55}}]},"3":{"line":35,"type":"if","locations":[{"start":{"line":35,"column":8},"end":{"line":35,"column":8}},{"start":{"line":35,"column":8},"end":{"line":35,"column":8}}]}}},
"contracts/Forwarder.sol":{"l":{"59":0,"63":0,"67":10,"69":10,"71":10,"72":10,"73":10,"74":10,"84":0,"85":0,"87":0,"88":0,"90":0,"100":9,"101":8,"102":7,"104":7,"106":7,"107":7,"109":7,"112":5,"113":5,"115":3,"117":3,"121":9,"125":7,"129":0,"130":0,"131":0,"134":0,"135":0,"139":10,"140":10,"141":10,"151":8,"152":8,"155":8,"163":8},"path":"/home/morena/GitHub/CodeArena Projects/2025-01-next-generation/contracts/Forwarder.sol","s":{"1":0,"2":0,"3":10,"4":10,"5":10,"6":10,"7":0,"8":0,"9":0,"10":0,"11":0,"12":9,"13":8,"14":7,"15":7,"16":7,"17":7,"18":7,"19":5,"20":3,"21":3,"22":9,"23":0,"24":0,"25":0,"26":0,"27":0,"28":10,"29":10,"30":8,"31":8,"32":8,"33":8},"b":{"1":[10,0],"2":[10,0],"3":[0,0],"4":[7,0],"5":[5,2],"6":[3,2],"7":[8,1],"8":[0,0],"9":[0,0],"10":[8,0],"11":[7,1]},"f":{"1":0,"2":0,"3":10,"4":0,"5":9,"6":9,"7":7,"8":0,"9":10,"10":8,"11":8},"fnMap":{"1":{"name":"nonce","line":58,"loc":{"start":{"line":58,"column":4},"end":{"line":60,"column":4}}},"2":{"name":"getEURF","line":62,"loc":{"start":{"line":62,"column":4},"end":{"line":64,"column":4}}},"3":{"name":"initialize","line":66,"loc":{"start":{"line":66,"column":4},"end":{"line":75,"column":4}}},"4":{"name":"verify","line":77,"loc":{"start":{"line":77,"column":4},"end":{"line":91,"column":4}}},"5":{"name":"execute","line":93,"loc":{"start":{"line":93,"column":4},"end":{"line":118,"column":4}}},"6":{"name":"_verifyNonce","line":120,"loc":{"start":{"line":120,"column":4},"end":{"line":122,"column":4}}},"7":{"name":"_updateNonce","line":124,"loc":{"start":{"line":124,"column":4},"end":{"line":126,"column":4}}},"8":{"name":"registerRequestType","line":128,"loc":{"start":{"line":128,"column":4},"end":{"line":136,"column":4}}},"9":{"name":"registerRequestTypeInternal","line":138,"loc":{"start":{"line":138,"column":4},"end":{"line":142,"column":4}}},"10":{"name":"_verifySig","line":144,"loc":{"start":{"line":144,"column":4},"end":{"line":156,"column":4}}},"11":{"name":"_getEncoded","line":158,"loc":{"start":{"line":158,"column":4},"end":{"line":169,"column":4}}}},"statementMap":{"1":{"start":{"line":59,"column":8},"end":{"line":59,"column":27}},"2":{"start":{"line":63,"column":8},"end":{"line":63,"column":27}},"3":{"start":{"line":67,"column":8},"end":{"line":67,"column":35}},"4":{"start":{"line":69,"column":8},"end":{"line":69,"column":99}},"5":{"start":{"line":71,"column":8},"end":{"line":71,"column":100}},"6":{"start":{"line":72,"column":8},"end":{"line":72,"column":47}},"7":{"start":{"line":84,"column":8},"end":{"line":84,"column":24}},"8":{"start":{"line":85,"column":8},"end":{"line":85,"column":73}},"9":{"start":{"line":87,"column":8},"end":{"line":87,"column":80}},"10":{"start":{"line":88,"column":8},"end":{"line":88,"column":57}},"11":{"start":{"line":90,"column":8},"end":{"line":90,"column":114}},"12":{"start":{"line":100,"column":8},"end":{"line":100,"column":24}},"13":{"start":{"line":101,"column":8},"end":{"line":101,"column":73}},"14":{"start":{"line":102,"column":8},"end":{"line":102,"column":24}},"15":{"start":{"line":104,"column":8},"end":{"line":104,"column":94}},"16":{"start":{"line":106,"column":8},"end":{"line":106,"column":80}},"17":{"start":{"line":107,"column":8},"end":{"line":107,"column":57}},"18":{"start":{"line":109,"column":8},"end":{"line":109,"column":114}},"19":{"start":{"line":113,"column":8},"end":{"line":113,"column":63}},"20":{"start":{"line":115,"column":8},"end":{"line":115,"column":54}},"21":{"start":{"line":117,"column":8},"end":{"line":117,"column":29}},"22":{"start":{"line":121,"column":8},"end":{"line":121,"column":80}},"23":{"start":{"line":129,"column":8},"end":{"line":129,"column":4779}},"24":{"start":{"line":130,"column":12},"end":{"line":130,"column":41}},"25":{"start":{"line":131,"column":12},"end":{"line":131,"column":77}},"26":{"start":{"line":134,"column":8},"end":{"line":134,"column":108}},"27":{"start":{"line":135,"column":8},"end":{"line":135,"column":47}},"28":{"start":{"line":139,"column":8},"end":{"line":139,"column":63}},"29":{"start":{"line":141,"column":8},"end":{"line":141,"column":72}},"30":{"start":{"line":151,"column":8},"end":{"line":151,"column":88}},"31":{"start":{"line":152,"column":8},"end":{"line":152,"column":5707}},"32":{"start":{"line":155,"column":8},"end":{"line":155,"column":86}},"33":{"start":{"line":163,"column":8},"end":{"line":163,"column":6139}}},"branchMap":{"1":{"line":66,"type":"if","locations":[{"start":{"line":66,"column":51},"end":{"line":66,"column":51}},{"start":{"line":66,"column":51},"end":{"line":66,"column":51}}]},"2":{"line":69,"type":"if","locations":[{"start":{"line":69,"column":8},"end":{"line":69,"column":8}},{"start":{"line":69,"column":8},"end":{"line":69,"column":8}}]},"3":{"line":90,"type":"if","locations":[{"start":{"line":90,"column":8},"end":{"line":90,"column":8}},{"start":{"line":90,"column":8},"end":{"line":90,"column":8}}]},"4":{"line":104,"type":"if","locations":[{"start":{"line":104,"column":8},"end":{"line":104,"column":8}},{"start":{"line":104,"column":8},"end":{"line":104,"column":8}}]},"5":{"line":109,"type":"if","locations":[{"start":{"line":109,"column":8},"end":{"line":109,"column":8}},{"start":{"line":109,"column":8},"end":{"line":109,"column":8}}]},"6":{"line":113,"type":"if","locations":[{"start":{"line":113,"column":8},"end":{"line":113,"column":8}},{"start":{"line":113,"column":8},"end":{"line":113,"column":8}}]},"7":{"line":121,"type":"if","locations":[{"start":{"line":121,"column":8},"end":{"line":121,"column":8}},{"start":{"line":121,"column":8},"end":{"line":121,"column":8}}]},"8":{"line":128,"type":"if","locations":[{"start":{"line":128,"column":96},"end":{"line":128,"column":96}},{"start":{"line":128,"column":96},"end":{"line":128,"column":96}}]},"9":{"line":131,"type":"if","locations":[{"start":{"line":131,"column":12},"end":{"line":131,"column":12}},{"start":{"line":131,"column":12},"end":{"line":131,"column":12}}]},"10":{"line":151,"type":"if","locations":[{"start":{"line":151,"column":8},"end":{"line":151,"column":8}},{"start":{"line":151,"column":8},"end":{"line":151,"column":8}}]},"11":{"line":155,"type":"if","locations":[{"start":{"line":155,"column":8},"end":{"line":155,"column":8}},{"start":{"line":155,"column":8},"end":{"line":155,"column":8}}]}}},
"contracts/Token.sol":{"l":{"54":50,"55":50,"56":50,"58":50,"60":50,"62":50,"63":50,"64":50,"65":50,"69":0,"77":5,"78":5,"79":5,"80":2,"84":5,"92":9,"96":1034,"100":0,"110":2,"118":1,"127":1,"128":1,"129":1,"130":1,"138":2,"148":3,"149":3,"150":3,"151":3,"157":21,"158":16,"162":14,"163":10,"167":2,"168":2,"180":5,"181":4},"path":"/home/morena/GitHub/CodeArena Projects/2025-01-next-generation/contracts/Token.sol","s":{"1":50,"2":50,"3":50,"4":50,"5":50,"6":50,"7":50,"8":50,"9":50,"10":0,"11":5,"12":5,"13":5,"14":2,"15":5,"16":9,"17":1034,"18":0,"19":2,"20":1,"21":1,"22":1,"23":1,"24":1,"25":1,"26":2,"27":3,"28":3,"29":3,"30":3,"31":21,"32":16,"33":1,"34":14,"35":10,"36":2,"37":2,"38":5,"39":4},"b":{"1":[50,0],"2":[0,5],"3":[0,5],"4":[0,0],"5":[9,0],"6":[2,2],"7":[1,2],"8":[0,1],"9":[1,0],"10":[2,0],"11":[0,3],"12":[0,3],"13":[1,15]},"f":{"1":1,"2":50,"3":0,"4":5,"5":5,"6":0,"7":9,"8":1034,"9":0,"10":2,"11":1,"12":1,"13":2,"14":3,"15":21,"16":14,"17":2,"18":5},"fnMap":{"1":{"name":"constructor","line":51,"loc":{"start":{"line":51,"column":4},"end":{"line":51,"column":31}}},"2":{"name":"initialize","line":53,"loc":{"start":{"line":53,"column":4},"end":{"line":66,"column":4}}},"3":{"name":"decimals","line":68,"loc":{"start":{"line":68,"column":4},"end":{"line":70,"column":4}}},"4":{"name":"setOwner","line":76,"loc":{"start":{"line":76,"column":4},"end":{"line":81,"column":4}}},"5":{"name":"owner","line":83,"loc":{"start":{"line":83,"column":4},"end":{"line":85,"column":4}}},"6":{"name":"_authorizeUpgrade","line":87,"loc":{"start":{"line":87,"column":4},"end":{"line":87,"column":93}}},"7":{"name":"setTrustedForwarder","line":91,"loc":{"start":{"line":91,"column":4},"end":{"line":93,"column":4}}},"8":{"name":"_msgSender","line":95,"loc":{"start":{"line":95,"column":4},"end":{"line":97,"column":4}}},"9":{"name":"_msgData","line":99,"loc":{"start":{"line":99,"column":4},"end":{"line":101,"column":4}}},"10":{"name":"setFeeFaucet","line":109,"loc":{"start":{"line":109,"column":4},"end":{"line":111,"column":4}}},"11":{"name":"setTxFeeRate","line":117,"loc":{"start":{"line":117,"column":4},"end":{"line":119,"column":4}}},"12":{"name":"_payTxFee","line":126,"loc":{"start":{"line":126,"column":4},"end":{"line":131,"column":4}}},"13":{"name":"setGaslessBasefee","line":137,"loc":{"start":{"line":137,"column":4},"end":{"line":139,"column":4}}},"14":{"name":"payGaslessBasefee","line":147,"loc":{"start":{"line":147,"column":4},"end":{"line":152,"column":4}}},"15":{"name":"transferSanity","line":156,"loc":{"start":{"line":156,"column":4},"end":{"line":159,"column":4}}},"16":{"name":"transfer","line":161,"loc":{"start":{"line":161,"column":4},"end":{"line":164,"column":4}}},"17":{"name":"transferFrom","line":166,"loc":{"start":{"line":166,"column":4},"end":{"line":169,"column":4}}},"18":{"name":"transferWithAuthorization","line":171,"loc":{"start":{"line":171,"column":4},"end":{"line":182,"column":4}}}},"statementMap":{"1":{"start":{"line":54,"column":8},"end":{"line":54,"column":31}},"2":{"start":{"line":55,"column":8},"end":{"line":55,"column":24}},"3":{"start":{"line":56,"column":8},"end":{"line":56,"column":39}},"4":{"start":{"line":58,"column":8},"end":{"line":58,"column":36}},"5":{"start":{"line":60,"column":8},"end":{"line":60,"column":33}},"6":{"start":{"line":62,"column":8},"end":{"line":62,"column":45}},"7":{"start":{"line":63,"column":8},"end":{"line":63,"column":37}},"8":{"start":{"line":64,"column":8},"end":{"line":64,"column":36}},"9":{"start":{"line":65,"column":8},"end":{"line":65,"column":46}},"10":{"start":{"line":69,"column":8},"end":{"line":69,"column":23}},"11":{"start":{"line":77,"column":8},"end":{"line":77,"column":63}},"12":{"start":{"line":78,"column":8},"end":{"line":78,"column":62}},"13":{"start":{"line":79,"column":8},"end":{"line":79,"column":33}},"14":{"start":{"line":80,"column":8},"end":{"line":80,"column":49}},"15":{"start":{"line":84,"column":8},"end":{"line":84,"column":38}},"16":{"start":{"line":92,"column":8},"end":{"line":92,"column":50}},"17":{"start":{"line":96,"column":8},"end":{"line":96,"column":50}},"18":{"start":{"line":100,"column":8},"end":{"line":100,"column":48}},"19":{"start":{"line":110,"column":8},"end":{"line":110,"column":37}},"20":{"start":{"line":118,"column":8},"end":{"line":118,"column":34}},"21":{"start":{"line":127,"column":8},"end":{"line":127,"column":49}},"22":{"start":{"line":128,"column":8},"end":{"line":128,"column":105}},"23":{"start":{"line":129,"column":8},"end":{"line":129,"column":73}},"24":{"start":{"line":129,"column":39},"end":{"line":129,"column":72}},"25":{"start":{"line":130,"column":8},"end":{"line":130,"column":35}},"26":{"start":{"line":138,"column":8},"end":{"line":138,"column":42}},"27":{"start":{"line":148,"column":8},"end":{"line":148,"column":70}},"28":{"start":{"line":149,"column":8},"end":{"line":149,"column":103}},"29":{"start":{"line":150,"column":8},"end":{"line":150,"column":49}},"30":{"start":{"line":151,"column":8},"end":{"line":151,"column":66}},"31":{"start":{"line":157,"column":8},"end":{"line":157,"column":37}},"32":{"start":{"line":158,"column":8},"end":{"line":158,"column":53}},"33":{"start":{"line":158,"column":28},"end":{"line":158,"column":52}},"34":{"start":{"line":162,"column":8},"end":{"line":162,"column":54}},"35":{"start":{"line":163,"column":8},"end":{"line":163,"column":48}},"36":{"start":{"line":167,"column":8},"end":{"line":167,"column":48}},"37":{"start":{"line":168,"column":8},"end":{"line":168,"column":60}},"38":{"start":{"line":180,"column":8},"end":{"line":180,"column":45}},"39":{"start":{"line":181,"column":8},"end":{"line":181,"column":89}}},"branchMap":{"1":{"line":53,"type":"if","locations":[{"start":{"line":53,"column":33},"end":{"line":53,"column":33}},{"start":{"line":53,"column":33},"end":{"line":53,"column":33}}]},"2":{"line":77,"type":"if","locations":[{"start":{"line":77,"column":8},"end":{"line":77,"column":8}},{"start":{"line":77,"column":8},"end":{"line":77,"column":8}}]},"3":{"line":78,"type":"if","locations":[{"start":{"line":78,"column":8},"end":{"line":78,"column":8}},{"start":{"line":78,"column":8},"end":{"line":78,"column":8}}]},"4":{"line":87,"type":"if","locations":[{"start":{"line":87,"column":76},"end":{"line":87,"column":76}},{"start":{"line":87,"column":76},"end":{"line":87,"column":76}}]},"5":{"line":91,"type":"if","locations":[{"start":{"line":91,"column":75},"end":{"line":91,"column":75}},{"start":{"line":91,"column":75},"end":{"line":91,"column":75}}]},"6":{"line":109,"type":"if","locations":[{"start":{"line":109,"column":62},"end":{"line":109,"column":62}},{"start":{"line":109,"column":62},"end":{"line":109,"column":62}}]},"7":{"line":117,"type":"if","locations":[{"start":{"line":117,"column":59},"end":{"line":117,"column":59}},{"start":{"line":117,"column":59},"end":{"line":117,"column":59}}]},"8":{"line":128,"type":"if","locations":[{"start":{"line":128,"column":8},"end":{"line":128,"column":8}},{"start":{"line":128,"column":8},"end":{"line":128,"column":8}}]},"9":{"line":129,"type":"if","locations":[{"start":{"line":129,"column":8},"end":{"line":129,"column":8}},{"start":{"line":129,"column":8},"end":{"line":129,"column":8}}]},"10":{"line":137,"type":"if","locations":[{"start":{"line":137,"column":67},"end":{"line":137,"column":67}},{"start":{"line":137,"column":67},"end":{"line":137,"column":67}}]},"11":{"line":148,"type":"if","locations":[{"start":{"line":148,"column":8},"end":{"line":148,"column":8}},{"start":{"line":148,"column":8},"end":{"line":148,"column":8}}]},"12":{"line":149,"type":"if","locations":[{"start":{"line":149,"column":8},"end":{"line":149,"column":8}},{"start":{"line":149,"column":8},"end":{"line":149,"column":8}}]},"13":{"line":158,"type":"if","locations":[{"start":{"line":158,"column":8},"end":{"line":158,"column":8}},{"start":{"line":158,"column":8},"end":{"line":158,"column":8}}]}}}}
