TN:
SF:/home/morena/GitHub/CodeArena Projects/2025-01-next-generation/contracts/ERC20AdminUpgradeable.sol
FN:23,__ERC20Admin_init
FN:30,__ERC20Admin_init_unchained
FN:34,setAdministrator
FN:39,isAdministrator
FN:45,setBlacklist
FN:51,blacklist
FN:55,unblacklist
FN:59,isBlacklisted
FN:65,pause
FN:69,unpause
FN:75,adminSanity
FN:84,forceTransfer
FNF:12
FNH:10
FNDA:0,__ERC20Admin_init
FNDA:50,__ERC20Admin_init_unchained
FNDA:59,setAdministrator
FNDA:0,isAdministrator
FNDA:4,setBlacklist
FNDA:5,blacklist
FNDA:3,unblacklist
FNDA:41,isBlacklisted
FNDA:1,pause
FNDA:1,unpause
FNDA:22,adminSanity
FNDA:1,forceTransfer
DA:24,0
DA:25,0
DA:26,0
DA:27,0
DA:31,50
DA:35,59
DA:36,59
DA:40,0
DA:46,4
DA:47,4
DA:48,4
DA:52,5
DA:56,3
DA:60,41
DA:66,1
DA:70,1
DA:76,22
DA:77,21
DA:78,20
DA:80,19
DA:81,17
DA:85,1
DA:86,1
DA:87,1
LF:24
LH:19
BRDA:23,1,0,0
BRDA:23,1,1,0
BRDA:30,2,0,50
BRDA:30,2,1,0
BRDA:34,3,0,59
BRDA:34,3,1,2
BRDA:45,4,0,4
BRDA:45,4,1,4
BRDA:46,5,0,0
BRDA:46,5,1,4
BRDA:65,6,0,1
BRDA:65,6,1,2
BRDA:69,7,0,1
BRDA:69,7,1,2
BRDA:76,8,0,21
BRDA:76,8,1,1
BRDA:77,9,0,1
BRDA:77,9,1,20
BRDA:78,10,0,2
BRDA:78,10,1,18
BRDA:80,11,0,2
BRDA:80,11,1,17
BRDA:81,12,0,0
BRDA:81,12,1,17
BRDA:84,13,0,1
BRDA:84,13,1,2
BRF:26
BRH:21
end_of_record
TN:
SF:/home/morena/GitHub/CodeArena Projects/2025-01-next-generation/contracts/ERC20ControlerMinterUpgradeable.sol
FN:31,__ERC20ControlerMinter_init
FN:37,__ERC20ControlerMinter_init_unchained
FN:47,addController
FN:51,removeController
FN:55,isController
FN:64,safetySwitch
FN:82,isOperating
FN:88,setMasterMinter
FN:97,isMasterMinter
FN:106,addMinter
FN:116,removeMinter
FN:130,updateMintingAllowance
FN:136,getMinterAllowance
FN:146,mint
FN:169,burn
FNF:15
FNH:10
FNDA:0,__ERC20ControlerMinter_init
FNDA:50,__ERC20ControlerMinter_init_unchained
FNDA:0,addController
FNDA:0,removeController
FNDA:0,isController
FNDA:11,safetySwitch
FNDA:3,isOperating
FNDA:44,setMasterMinter
FNDA:0,isMasterMinter
FNDA:10,addMinter
FNDA:4,removeMinter
FNDA:1,updateMintingAllowance
FNDA:4,getMinterAllowance
FNDA:70,mint
FNDA:7,burn
DA:32,0
DA:33,0
DA:34,0
DA:38,50
DA:39,50
DA:41,50
DA:42,50
DA:48,0
DA:52,0
DA:56,0
DA:65,11
DA:66,6
DA:67,5
DA:68,5
DA:70,5
DA:71,1
DA:72,4
DA:73,4
DA:75,9
DA:83,3
DA:89,44
DA:90,44
DA:91,44
DA:92,44
DA:93,44
DA:94,44
DA:98,0
DA:107,10
DA:108,10
DA:109,7
DA:117,4
DA:118,4
DA:119,1
DA:131,1
DA:132,1
DA:133,1
DA:137,4
DA:147,70
DA:148,4
DA:149,66
DA:150,66
DA:153,65
DA:154,4
DA:155,4
DA:156,3
DA:159,64
DA:160,64
DA:170,7
DA:171,3
DA:172,4
DA:173,3
DA:174,2
LF:52
LH:45
BRDA:31,1,0,0
BRDA:31,1,1,0
BRDA:37,2,0,50
BRDA:37,2,1,0
BRDA:65,3,0,6
BRDA:65,3,1,5
BRDA:66,4,0,1
BRDA:66,4,1,5
BRDA:70,5,0,1
BRDA:70,5,1,4
BRDA:90,6,0,0
BRDA:90,6,1,44
BRDA:130,7,0,1
BRDA:130,7,1,3
BRDA:131,8,0,0
BRDA:131,8,1,1
BRDA:147,9,0,4
BRDA:147,9,1,66
BRDA:149,10,0,0
BRDA:149,10,1,66
BRDA:150,11,0,1
BRDA:150,11,1,65
BRDA:153,12,0,4
BRDA:153,12,1,61
BRDA:155,13,0,1
BRDA:155,13,1,3
BRDA:170,14,0,3
BRDA:170,14,1,4
BRDA:172,15,0,1
BRDA:172,15,1,3
BRF:30
BRH:24
end_of_record
TN:
SF:/home/morena/GitHub/CodeArena Projects/2025-01-next-generation/contracts/ERC20MetaTxUpgradeable.sol
FN:29,__ERC20MetaTx_init
FN:35,__ERC20MetaTx_init_unchained
FN:48,permit
FN:72,transferWithAuthorization
FN:98,nonce
FN:106,DOMAIN_SEPARATOR
FN:114,_useNonce
FN:123,setTrustedForwarder
FN:133,isTrustedForwarder
FN:137,_msgSender
FN:147,_msgData
FNF:11
FNH:8
FNDA:0,__ERC20MetaTx_init
FNDA:50,__ERC20MetaTx_init_unchained
FNDA:4,permit
FNDA:4,transferWithAuthorization
FNDA:15,nonce
FNDA:0,DOMAIN_SEPARATOR
FNDA:8,_useNonce
FNDA:9,setTrustedForwarder
FNDA:1038,isTrustedForwarder
FNDA:1034,_msgSender
FNDA:0,_msgData
DA:30,0
DA:31,0
DA:32,0
DA:36,50
DA:39,50
DA:42,50
DA:57,4
DA:59,4
DA:61,4
DA:63,4
DA:64,4
DA:66,2
DA:81,4
DA:83,4
DA:85,4
DA:87,4
DA:88,4
DA:90,2
DA:92,2
DA:99,15
DA:107,0
DA:115,8
DA:116,8
DA:124,9
DA:125,9
DA:126,9
DA:134,1038
DA:138,1034
DA:139,12
DA:143,1022
DA:148,0
DA:149,0
DA:151,0
LF:33
LH:26
BRDA:29,1,0,0
BRDA:29,1,1,0
BRDA:35,2,0,50
BRDA:35,2,1,0
BRDA:57,3,0,0
BRDA:57,3,1,4
BRDA:64,4,0,2
BRDA:64,4,1,2
BRDA:81,5,0,0
BRDA:81,5,1,4
BRDA:88,6,0,2
BRDA:88,6,1,2
BRDA:124,7,0,0
BRDA:124,7,1,9
BRDA:138,8,0,12
BRDA:138,8,1,1022
BRDA:148,9,0,0
BRDA:148,9,1,0
BRF:18
BRH:10
end_of_record
TN:
SF:/home/morena/GitHub/CodeArena Projects/2025-01-next-generation/contracts/FeesHandlerUpgradeable.sol
FN:23,setFeeFaucet
FN:28,setTxFeeRate
FN:34,setGaslessBasefee
FN:40,getTxFeeRate
FN:44,getGaslessBasefee
FN:52,calculateTxFee
FNF:6
FNH:5
FNDA:2,setFeeFaucet
FNDA:1,setTxFeeRate
FNDA:2,setGaslessBasefee
FNDA:1,getTxFeeRate
FNDA:0,getGaslessBasefee
FNDA:1,calculateTxFee
DA:24,2
DA:25,2
DA:29,1
DA:30,1
DA:31,1
DA:35,2
DA:36,2
DA:37,2
DA:41,1
DA:45,0
DA:53,1
LF:11
LH:10
BRDA:29,1,0,0
BRDA:29,1,1,1
BRDA:29,2,0,0
BRDA:29,2,1,0
BRDA:35,3,0,0
BRDA:35,3,1,2
BRF:6
BRH:2
end_of_record
TN:
SF:/home/morena/GitHub/CodeArena Projects/2025-01-next-generation/contracts/Forwarder.sol
FN:58,nonce
FN:62,getEURF
FN:66,initialize
FN:77,verify
FN:93,execute
FN:120,_verifyNonce
FN:124,_updateNonce
FN:128,registerRequestType
FN:138,registerRequestTypeInternal
FN:144,_verifySig
FN:158,_getEncoded
FNF:11
FNH:7
FNDA:0,nonce
FNDA:0,getEURF
FNDA:10,initialize
FNDA:0,verify
FNDA:9,execute
FNDA:9,_verifyNonce
FNDA:7,_updateNonce
FNDA:0,registerRequestType
FNDA:10,registerRequestTypeInternal
FNDA:8,_verifySig
FNDA:8,_getEncoded
DA:59,0
DA:63,0
DA:67,10
DA:69,10
DA:71,10
DA:72,10
DA:73,10
DA:74,10
DA:84,0
DA:85,0
DA:87,0
DA:88,0
DA:90,0
DA:100,9
DA:101,8
DA:102,7
DA:104,7
DA:106,7
DA:107,7
DA:109,7
DA:112,5
DA:113,5
DA:115,3
DA:117,3
DA:121,9
DA:125,7
DA:129,0
DA:130,0
DA:131,0
DA:134,0
DA:135,0
DA:139,10
DA:140,10
DA:141,10
DA:151,8
DA:152,8
DA:155,8
DA:163,8
LF:38
LH:26
BRDA:66,1,0,10
BRDA:66,1,1,0
BRDA:69,2,0,10
BRDA:69,2,1,0
BRDA:90,3,0,0
BRDA:90,3,1,0
BRDA:104,4,0,7
BRDA:104,4,1,0
BRDA:109,5,0,5
BRDA:109,5,1,2
BRDA:113,6,0,3
BRDA:113,6,1,2
BRDA:121,7,0,8
BRDA:121,7,1,1
BRDA:128,8,0,0
BRDA:128,8,1,0
BRDA:131,9,0,0
BRDA:131,9,1,0
BRDA:151,10,0,8
BRDA:151,10,1,0
BRDA:155,11,0,7
BRDA:155,11,1,1
BRF:22
BRH:12
end_of_record
TN:
SF:/home/morena/GitHub/CodeArena Projects/2025-01-next-generation/contracts/Token.sol
FN:51,constructor
FN:53,initialize
FN:68,decimals
FN:76,setOwner
FN:83,owner
FN:87,_authorizeUpgrade
FN:91,setTrustedForwarder
FN:95,_msgSender
FN:99,_msgData
FN:109,setFeeFaucet
FN:117,setTxFeeRate
FN:126,_payTxFee
FN:137,setGaslessBasefee
FN:147,payGaslessBasefee
FN:156,transferSanity
FN:161,transfer
FN:166,transferFrom
FN:171,transferWithAuthorization
FNF:18
FNH:15
FNDA:1,constructor
FNDA:50,initialize
FNDA:0,decimals
FNDA:5,setOwner
FNDA:5,owner
FNDA:0,_authorizeUpgrade
FNDA:9,setTrustedForwarder
FNDA:1034,_msgSender
FNDA:0,_msgData
FNDA:2,setFeeFaucet
FNDA:1,setTxFeeRate
FNDA:1,_payTxFee
FNDA:2,setGaslessBasefee
FNDA:3,payGaslessBasefee
FNDA:21,transferSanity
FNDA:14,transfer
FNDA:2,transferFrom
FNDA:5,transferWithAuthorization
DA:54,50
DA:55,50
DA:56,50
DA:58,50
DA:60,50
DA:62,50
DA:63,50
DA:64,50
DA:65,50
DA:69,0
DA:77,5
DA:78,5
DA:79,5
DA:80,2
DA:84,5
DA:92,9
DA:96,1034
DA:100,0
DA:110,2
DA:118,1
DA:127,1
DA:128,1
DA:129,1
DA:130,1
DA:138,2
DA:148,3
DA:149,3
DA:150,3
DA:151,3
DA:157,21
DA:158,16
DA:162,14
DA:163,10
DA:167,2
DA:168,2
DA:180,5
DA:181,4
LF:37
LH:35
BRDA:53,1,0,50
BRDA:53,1,1,0
BRDA:77,2,0,0
BRDA:77,2,1,5
BRDA:78,3,0,0
BRDA:78,3,1,5
BRDA:87,4,0,0
BRDA:87,4,1,0
BRDA:91,5,0,9
BRDA:91,5,1,0
BRDA:109,6,0,2
BRDA:109,6,1,2
BRDA:117,7,0,1
BRDA:117,7,1,2
BRDA:128,8,0,0
BRDA:128,8,1,1
BRDA:129,9,0,1
BRDA:129,9,1,0
BRDA:137,10,0,2
BRDA:137,10,1,0
BRDA:148,11,0,0
BRDA:148,11,1,3
BRDA:149,12,0,0
BRDA:149,12,1,3
BRDA:158,13,0,1
BRDA:158,13,1,15
BRF:26
BRH:15
end_of_record
